#
# There is insufficient memory for the Java Runtime Environment to continue.
# Native memory allocation (malloc) failed to allocate 712096 bytes for Chunk::new
# Possible reasons:
#   The system is out of physical RAM or swap space
#   The process is running with CompressedOops enabled, and the Java Heap may be blocking the growth of the native heap
# Possible solutions:
#   Reduce memory load on the system
#   Increase physical memory or swap space
#   Check if swap backing store is full
#   Decrease Java heap size (-Xmx/-Xms)
#   Decrease number of Java threads
#   Decrease Java thread stack sizes (-Xss)
#   Set larger code cache with -XX:ReservedCodeCacheSize=
#   JVM is running with Unscaled Compressed Oops mode in which the Java heap is
#     placed in the first 4GB address space. The Java Heap base address is the
#     maximum limit for the native heap growth. Please use -XX:HeapBaseMinAddress
#     to set the Java Heap base and to place the Java Heap above 4GB virtual address.
# This output file may be truncated or incomplete.
#
#  Out of Memory Error (allocation.cpp:389), pid=9340, tid=0x0000000000002ce0
#
# JRE version: OpenJDK Runtime Environment (8.0_202-b03) (build 1.8.0_202-release-1483-b03)
# Java VM: OpenJDK 64-Bit Server VM (25.202-b03 mixed mode windows-amd64 compressed oops)
# Failed to write core dump. Minidumps are not enabled by default on client versions of Windows
#

---------------  T H R E A D  ---------------

Current thread (0x00000000167e9800):  JavaThread "C2 CompilerThread0" daemon [_thread_in_native, id=11488, stack(0x0000000017e50000,0x0000000017f50000)]

Stack: [0x0000000017e50000,0x0000000017f50000]
[error occurred during error reporting (printing stack bounds), id 0xc0000005]

Native frames: (J=compiled Java code, j=interpreted, Vv=VM code, C=native code)


Current CompileTask:
C2:7462919 31253       4       com.android.tools.r8.dex.DexParser::parseCodeItem (479 bytes)


---------------  P R O C E S S  ---------------

Java Threads: ( => current thread )
  0x000000001d30c800 JavaThread "ForkJoinPool-9-worker-0" daemon [_thread_blocked, id=1972, stack(0x0000000029a70000,0x0000000029b70000)]
  0x000000001d313800 JavaThread "ForkJoinPool-9-worker-3" daemon [_thread_blocked, id=10076, stack(0x00000000293c0000,0x00000000294c0000)]
  0x000000001d312800 JavaThread "ForkJoinPool-9-worker-2" daemon [_thread_in_Java, id=10972, stack(0x0000000027ec0000,0x0000000027fc0000)]
  0x000000001d985800 JavaThread "ForkJoinPool-9-worker-1" daemon [_thread_blocked, id=944, stack(0x0000000025a90000,0x0000000025b90000)]
  0x000000001d985000 JavaThread "Cache worker for Java compile cache (E:\SellerHub\farmpe-sellerhub\.gradle\4.10.1\javaCompile)" [_thread_blocked, id=7984, stack(0x0000000025790000,0x0000000025890000)]
  0x000000001d988000 JavaThread "Cache worker for Build Output Cleanup Cache (E:\SellerHub\farmpe-sellerhub\.gradle\buildOutputCleanup)" [_thread_blocked, id=7692, stack(0x0000000025390000,0x0000000025490000)]
  0x000000001d982800 JavaThread "Cache worker for task history cache (E:\SellerHub\farmpe-sellerhub\.gradle\4.10.1\taskHistory)" [_thread_blocked, id=7952, stack(0x0000000025290000,0x0000000025390000)]
  0x000000001d982000 JavaThread "Task worker for ':' Thread 3" [_thread_blocked, id=13228, stack(0x0000000025190000,0x0000000025290000)]
  0x000000001d981000 JavaThread "Task worker for ':' Thread 2" [_thread_blocked, id=12252, stack(0x0000000025090000,0x0000000025190000)]
  0x000000001d980800 JavaThread "Task worker for ':'" [_thread_blocked, id=5680, stack(0x0000000023ab0000,0x0000000023bb0000)]
  0x000000001d97e000 JavaThread "Cache worker for file content cache (E:\SellerHub\farmpe-sellerhub\.gradle\4.10.1\fileContent)" [_thread_blocked, id=4212, stack(0x0000000022510000,0x0000000022610000)]
  0x000000001d97d800 JavaThread "Build operations Thread 4" [_thread_blocked, id=4896, stack(0x0000000021110000,0x0000000021210000)]
  0x000000001d984000 JavaThread "Build operations Thread 3" [_thread_blocked, id=6136, stack(0x0000000020bf0000,0x0000000020cf0000)]
  0x000000001d97c000 JavaThread "Build operations Thread 2" [_thread_blocked, id=3820, stack(0x00000000208f0000,0x00000000209f0000)]
  0x000000001d97f800 JavaThread "Build operations" [_thread_blocked, id=8716, stack(0x00000000207f0000,0x00000000208f0000)]
  0x000000001ddc7800 JavaThread "Cache worker for cache directory md-rule (C:\Users\Lenovo\.gradle\caches\4.10.1\md-rule)" [_thread_blocked, id=11824, stack(0x00000000206f0000,0x00000000207f0000)]
  0x000000001ddce000 JavaThread "Cache worker for cache directory md-supplier (C:\Users\Lenovo\.gradle\caches\4.10.1\md-supplier)" [_thread_blocked, id=11556, stack(0x00000000205f0000,0x00000000206f0000)]
  0x000000001ddc6800 JavaThread "Cache worker for file hash cache (E:\SellerHub\farmpe-sellerhub\.gradle\4.10.1\fileHashes)" [_thread_blocked, id=8092, stack(0x000000001fdf0000,0x000000001fef0000)]
  0x000000001ddcd800 JavaThread "Stdin handler" [_thread_blocked, id=12664, stack(0x000000001fcf0000,0x000000001fdf0000)]
  0x000000001ddc5800 JavaThread "Asynchronous log dispatcher for DefaultDaemonConnection: socket connection from /127.0.0.1:49927 to /127.0.0.1:52834" [_thread_blocked, id=8364, stack(0x000000001e010000,0x000000001e110000)]
  0x000000001ddc4000 JavaThread "Daemon worker Thread 15" [_thread_blocked, id=9588, stack(0x000000001aea0000,0x000000001afa0000)]
  0x000000001ddca800 JavaThread "Cancel handler" [_thread_blocked, id=11444, stack(0x000000001ada0000,0x000000001aea0000)]
  0x000000001ddc9800 JavaThread "Handler for socket connection from /127.0.0.1:49927 to /127.0.0.1:52834" [_thread_in_native, id=2068, stack(0x000000001aca0000,0x000000001ada0000)]
  0x000000001ddc2800 JavaThread "Daemon Thread 15" [_thread_blocked, id=12740, stack(0x000000001a7a0000,0x000000001a8a0000)]
  0x000000001ddc5000 JavaThread "MarlinRenderer Disposer" daemon [_thread_blocked, id=8912, stack(0x00000000292c0000,0x00000000293c0000)]
  0x000000001ddc9000 JavaThread "Java2D Disposer" daemon [_thread_blocked, id=5344, stack(0x00000000291c0000,0x00000000292c0000)]
  0x000000001d30f800 JavaThread "Cache worker for Java compile cache (C:\Users\Lenovo\.gradle\caches\4.10.1\javaCompile)" [_thread_blocked, id=13144, stack(0x0000000025690000,0x0000000025790000)]
  0x000000001ddcc800 JavaThread "Cache worker for file content cache (C:\Users\Lenovo\.gradle\caches\4.10.1\fileContent)" [_thread_blocked, id=2928, stack(0x0000000023bb0000,0x0000000023cb0000)]
  0x000000001ddc0800 JavaThread "Memory manager" [_thread_blocked, id=3068, stack(0x0000000022210000,0x0000000022310000)]
  0x000000001ded8000 JavaThread "Cache worker for Artifact transforms cache (C:\Users\Lenovo\.gradle\caches\transforms-1)" [_thread_blocked, id=12184, stack(0x000000001fef0000,0x000000001fff0000)]
  0x000000001dedd000 JavaThread "Cache worker for journal cache (C:\Users\Lenovo\.gradle\caches\journal-1)" [_thread_blocked, id=3832, stack(0x000000001e110000,0x000000001e210000)]
  0x000000001c594800 JavaThread "File lock request listener" [_thread_in_native, id=11336, stack(0x000000001df10000,0x000000001e010000)]
  0x000000001b96d000 JavaThread "Cache worker for file hash cache (C:\Users\Lenovo\.gradle\caches\4.10.1\fileHashes)" [_thread_blocked, id=12196, stack(0x000000001f9f0000,0x000000001faf0000)]
  0x00000000184b9800 JavaThread "Daemon periodic checks" [_thread_blocked, id=8184, stack(0x000000001a6a0000,0x000000001a7a0000)]
  0x00000000184b7800 JavaThread "Incoming local TCP Connector on port 49927" [_thread_in_native, id=9356, stack(0x000000001a460000,0x000000001a560000)]
  0x0000000018178800 JavaThread "Service Thread" daemon [_thread_blocked, id=11912, stack(0x0000000018550000,0x0000000018650000)]
  0x00000000167e4800 JavaThread "C1 CompilerThread2" daemon [_thread_blocked, id=10116, stack(0x0000000018050000,0x0000000018150000)]
  0x00000000167e0000 JavaThread "C2 CompilerThread1" daemon [_thread_in_native, id=11072, stack(0x0000000017f50000,0x0000000018050000)]
=>0x00000000167e9800 JavaThread "C2 CompilerThread0" daemon [_thread_in_native, id=11488, stack(0x0000000017e50000,0x0000000017f50000)]
  0x00000000167e7000 JavaThread "Attach Listener" daemon [_thread_blocked, id=11844, stack(0x0000000017d50000,0x0000000017e50000)]
  0x00000000167e6000 JavaThread "Signal Dispatcher" daemon [_thread_blocked, id=11040, stack(0x0000000017c50000,0x0000000017d50000)]
  0x0000000002e6d800 JavaThread "Finalizer" daemon [_thread_blocked, id=12116, stack(0x0000000017a50000,0x0000000017b50000)]
  0x00000000167c9000 JavaThread "Reference Handler" daemon [_thread_blocked, id=3796, stack(0x0000000017950000,0x0000000017a50000)]
  0x0000000002d6d800 JavaThread "main" [_thread_blocked, id=3372, stack(0x0000000002bb0000,0x0000000002cb0000)]

Other Threads:
  0x00000000167a7800 VMThread [stack: 0x0000000017850000,0x0000000017950000] [id=11012]
  0x000000001683e000 WatcherThread [stack: 0x0000000018650000,0x0000000018750000] [id=11704]

VM state:not at safepoint (normal execution)

VM Mutex/Monitor currently owned by a thread: None

heap address: 0x00000000a0000000, size: 1536 MB, Compressed Oops mode: 32-bit
Narrow klass base: 0x0000000000000000, Narrow klass shift: 3
Compressed class space size: 1073741824 Address: 0x0000000100000000

Heap:
 PSYoungGen      total 457728K, used 177057K [0x00000000e0000000, 0x0000000100000000, 0x0000000100000000)
  eden space 398848K, 35% used [0x00000000e0000000,0x00000000e89b4ef8,0x00000000f8580000)
  from space 58880K, 61% used [0x00000000fc200000,0x00000000fe5337c8,0x00000000ffb80000)
  to   space 61952K, 0% used [0x00000000f8580000,0x00000000f8580000,0x00000000fc200000)
 ParOldGen       total 284672K, used 143595K [0x00000000a0000000, 0x00000000b1600000, 0x00000000e0000000)
  object space 284672K, 50% used [0x00000000a0000000,0x00000000a8c3aed8,0x00000000b1600000)
 Metaspace       used 99274K, capacity 106687K, committed 106752K, reserved 1142784K
  class space    used 12377K, capacity 13514K, committed 13568K, reserved 1048576K

Card table byte_map: [0x0000000012230000,0x0000000012540000] byte_map_base: 0x0000000011d30000

Marking Bits: (ParMarkBitMap*) 0x000000006bc39f30
 Begin Bits: [0x0000000012b40000, 0x0000000014340000)
 End Bits:   [0x0000000014340000, 0x0000000015b40000)

Polling page: 0x0000000001120000

CodeCache: size=245760Kb used=87749Kb max_used=87797Kb free=158010Kb
 bounds [0x0000000002e70000, 0x0000000008510000, 0x0000000011e70000]
 total_blobs=23332 nmethods=22348 adapters=896
 compilation: enabled

Compilation events (10 events):
Event: 7462.704 Thread 0x00000000167e4800 31333       2       com.android.tools.r8.code.IntToByte::<init> (7 bytes)
Event: 7462.705 Thread 0x00000000167e4800 nmethod 31333 0x0000000006d033d0 code [0x0000000006d03520, 0x0000000006d036d0]
Event: 7462.711 Thread 0x00000000167e4800 31334       2       com.android.tools.r8.code.AgetByte::<init> (7 bytes)
Event: 7462.711 Thread 0x00000000167e4800 nmethod 31334 0x00000000066b0fd0 code [0x00000000066b1140, 0x00000000066b13d8]
Event: 7462.721 Thread 0x00000000167e4800 31335       2       com.android.tools.r8.code.ShlIntLit8::<init> (7 bytes)
Event: 7462.722 Thread 0x00000000167e4800 nmethod 31335 0x00000000066b0990 code [0x00000000066b0b00, 0x00000000066b0d98]
Event: 7462.767 Thread 0x00000000167e4800 31336       2       com.android.tools.r8.code.MoveWide::<init> (7 bytes)
Event: 7462.768 Thread 0x00000000167e4800 nmethod 31336 0x00000000066b04d0 code [0x00000000066b0620, 0x00000000066b07d0]
Event: 7462.784 Thread 0x00000000167e4800 31338       2       com.android.tools.r8.code.AndIntLit16::<init> (7 bytes)
Event: 7462.785 Thread 0x00000000167e4800 nmethod 31338 0x00000000074f0890 code [0x00000000074f0a00, 0x00000000074f0c28]

GC Heap History (10 events):
Event: 7083.566 GC heap before
{Heap before GC invocations=91 (full 8):
 PSYoungGen      total 453632K, used 437665K [0x00000000e0000000, 0x0000000100000000, 0x0000000100000000)
  eden space 395776K, 100% used [0x00000000e0000000,0x00000000f8280000,0x00000000f8280000)
  from space 57856K, 72% used [0x00000000fc080000,0x00000000fe968580,0x00000000ff900000)
  to   space 63488K, 0% used [0x00000000f8280000,0x00000000f8280000,0x00000000fc080000)
 ParOldGen       total 238592K, used 182774K [0x00000000a0000000, 0x00000000ae900000, 0x00000000e0000000)
  object space 238592K, 76% used [0x00000000a0000000,0x00000000ab27db60,0x00000000ae900000)
 Metaspace       used 99122K, capacity 106469K, committed 106752K, reserved 1142784K
  class space    used 12370K, capacity 13509K, committed 13568K, reserved 1048576K
Event: 7083.615 GC heap after
Heap after GC invocations=91 (full 8):
 PSYoungGen      total 459264K, used 32025K [0x00000000e0000000, 0x0000000100000000, 0x0000000100000000)
  eden space 395776K, 0% used [0x00000000e0000000,0x00000000e0000000,0x00000000f8280000)
  from space 63488K, 50% used [0x00000000f8280000,0x00000000fa1c6430,0x00000000fc080000)
  to   space 64000K, 0% used [0x00000000fc180000,0x00000000fc180000,0x0000000100000000)
 ParOldGen       total 238592K, used 207749K [0x00000000a0000000, 0x00000000ae900000, 0x00000000e0000000)
  object space 238592K, 87% used [0x00000000a0000000,0x00000000acae1498,0x00000000ae900000)
 Metaspace       used 99122K, capacity 106469K, committed 106752K, reserved 1142784K
  class space    used 12370K, capacity 13509K, committed 13568K, reserved 1048576K
}
Event: 7083.615 GC heap before
{Heap before GC invocations=92 (full 9):
 PSYoungGen      total 459264K, used 32025K [0x00000000e0000000, 0x0000000100000000, 0x0000000100000000)
  eden space 395776K, 0% used [0x00000000e0000000,0x00000000e0000000,0x00000000f8280000)
  from space 63488K, 50% used [0x00000000f8280000,0x00000000fa1c6430,0x00000000fc080000)
  to   space 64000K, 0% used [0x00000000fc180000,0x00000000fc180000,0x0000000100000000)
 ParOldGen       total 238592K, used 207749K [0x00000000a0000000, 0x00000000ae900000, 0x00000000e0000000)
  object space 238592K, 87% used [0x00000000a0000000,0x00000000acae1498,0x00000000ae900000)
 Metaspace       used 99122K, capacity 106469K, committed 106752K, reserved 1142784K
  class space    used 12370K, capacity 13509K, committed 13568K, reserved 1048576K
Event: 7084.148 GC heap after
Heap after GC invocations=92 (full 9):
 PSYoungGen      total 459264K, used 0K [0x00000000e0000000, 0x0000000100000000, 0x0000000100000000)
  eden space 395776K, 0% used [0x00000000e0000000,0x00000000e0000000,0x00000000f8280000)
  from space 63488K, 0% used [0x00000000f8280000,0x00000000f8280000,0x00000000fc080000)
  to   space 64000K, 0% used [0x00000000fc180000,0x00000000fc180000,0x0000000100000000)
 ParOldGen       total 284672K, used 136489K [0x00000000a0000000, 0x00000000b1600000, 0x00000000e0000000)
  object space 284672K, 47% used [0x00000000a0000000,0x00000000a854a668,0x00000000b1600000)
 Metaspace       used 99115K, capacity 106457K, committed 106752K, reserved 1142784K
  class space    used 12369K, capacity 13507K, committed 13568K, reserved 1048576K
}
Event: 7130.100 GC heap before
{Heap before GC invocations=93 (full 9):
 PSYoungGen      total 459264K, used 395776K [0x00000000e0000000, 0x0000000100000000, 0x0000000100000000)
  eden space 395776K, 100% used [0x00000000e0000000,0x00000000f8280000,0x00000000f8280000)
  from space 63488K, 0% used [0x00000000f8280000,0x00000000f8280000,0x00000000fc080000)
  to   space 64000K, 0% used [0x00000000fc180000,0x00000000fc180000,0x0000000100000000)
 ParOldGen       total 284672K, used 136489K [0x00000000a0000000, 0x00000000b1600000, 0x00000000e0000000)
  object space 284672K, 47% used [0x00000000a0000000,0x00000000a854a668,0x00000000b1600000)
 Metaspace       used 99131K, capacity 106521K, committed 106752K, reserved 1142784K
  class space    used 12369K, capacity 13507K, committed 13568K, reserved 1048576K
Event: 7130.188 GC heap after
Heap after GC invocations=93 (full 9):
 PSYoungGen      total 457216K, used 5494K [0x00000000e0000000, 0x00000000ffc80000, 0x0000000100000000)
  eden space 396800K, 0% used [0x00000000e0000000,0x00000000e0000000,0x00000000f8380000)
  from space 60416K, 9% used [0x00000000fc180000,0x00000000fc6dda60,0x00000000ffc80000)
  to   space 61952K, 0% used [0x00000000f8380000,0x00000000f8380000,0x00000000fc000000)
 ParOldGen       total 284672K, used 136489K [0x00000000a0000000, 0x00000000b1600000, 0x00000000e0000000)
  object space 284672K, 47% used [0x00000000a0000000,0x00000000a854a668,0x00000000b1600000)
 Metaspace       used 99131K, capacity 106521K, committed 106752K, reserved 1142784K
  class space    used 12369K, capacity 13507K, committed 13568K, reserved 1048576K
}
Event: 7442.683 GC heap before
{Heap before GC invocations=94 (full 9):
 PSYoungGen      total 457216K, used 402294K [0x00000000e0000000, 0x00000000ffc80000, 0x0000000100000000)
  eden space 396800K, 100% used [0x00000000e0000000,0x00000000f8380000,0x00000000f8380000)
  from space 60416K, 9% used [0x00000000fc180000,0x00000000fc6dda60,0x00000000ffc80000)
  to   space 61952K, 0% used [0x00000000f8380000,0x00000000f8380000,0x00000000fc000000)
 ParOldGen       total 284672K, used 136489K [0x00000000a0000000, 0x00000000b1600000, 0x00000000e0000000)
  object space 284672K, 47% used [0x00000000a0000000,0x00000000a854a668,0x00000000b1600000)
 Metaspace       used 99166K, capacity 106539K, committed 106752K, reserved 1142784K
  class space    used 12371K, capacity 13510K, committed 13568K, reserved 1048576K
Event: 7442.733 GC heap after
Heap after GC invocations=94 (full 9):
 PSYoungGen      total 458752K, used 9828K [0x00000000e0000000, 0x00000000ffb80000, 0x0000000100000000)
  eden space 396800K, 0% used [0x00000000e0000000,0x00000000e0000000,0x00000000f8380000)
  from space 61952K, 15% used [0x00000000f8380000,0x00000000f8d193c8,0x00000000fc000000)
  to   space 58880K, 0% used [0x00000000fc200000,0x00000000fc200000,0x00000000ffb80000)
 ParOldGen       total 284672K, used 139386K [0x00000000a0000000, 0x00000000b1600000, 0x00000000e0000000)
  object space 284672K, 48% used [0x00000000a0000000,0x00000000a881eac0,0x00000000b1600000)
 Metaspace       used 99166K, capacity 106539K, committed 106752K, reserved 1142784K
  class space    used 12371K, capacity 13510K, committed 13568K, reserved 1048576K
}
Event: 7462.129 GC heap before
{Heap before GC invocations=95 (full 9):
 PSYoungGen      total 458752K, used 406628K [0x00000000e0000000, 0x00000000ffb80000, 0x0000000100000000)
  eden space 396800K, 100% used [0x00000000e0000000,0x00000000f8380000,0x00000000f8380000)
  from space 61952K, 15% used [0x00000000f8380000,0x00000000f8d193c8,0x00000000fc000000)
  to   space 58880K, 0% used [0x00000000fc200000,0x00000000fc200000,0x00000000ffb80000)
 ParOldGen       total 284672K, used 139386K [0x00000000a0000000, 0x00000000b1600000, 0x00000000e0000000)
  object space 284672K, 48% used [0x00000000a0000000,0x00000000a881eac0,0x00000000b1600000)
 Metaspace       used 99206K, capacity 106623K, committed 106752K, reserved 1142784K
  class space    used 12377K, capacity 13514K, committed 13568K, reserved 1048576K
Event: 7462.270 GC heap after
Heap after GC invocations=95 (full 9):
 PSYoungGen      total 457728K, used 36045K [0x00000000e0000000, 0x0000000100000000, 0x0000000100000000)
  eden space 398848K, 0% used [0x00000000e0000000,0x00000000e0000000,0x00000000f8580000)
  from space 58880K, 61% used [0x00000000fc200000,0x00000000fe5337c8,0x00000000ffb80000)
  to   space 61952K, 0% used [0x00000000f8580000,0x00000000f8580000,0x00000000fc200000)
 ParOldGen       total 284672K, used 143595K [0x00000000a0000000, 0x00000000b1600000, 0x00000000e0000000)
  object space 284672K, 50% used [0x00000000a0000000,0x00000000a8c3aed8,0x00000000b1600000)
 Metaspace       used 99206K, capacity 106623K, committed 106752K, reserved 1142784K
  class space    used 12377K, capacity 13514K, committed 13568K, reserved 1048576K
}

Deoptimization events (10 events):
Event: 7462.438 Thread 0x000000001d312800 Uncommon trap: reason=unstable_if action=reinterpret pc=0x00000000082b383c method=com.android.tools.r8.dex.DexParser$AttributesAndAnnotations.<init>(Lcom/android/tools/r8/graph/DexType;Lcom/android/tools/r8/graph/DexAnnotationSet;Lcom/android/tools/r8/gra
Event: 7462.520 Thread 0x000000001d313800 Uncommon trap: reason=unstable_if action=reinterpret pc=0x0000000007e3cc84 method=com.android.tools.r8.dex.DexParser.addClassDefsTo(Ljava/util/function/Consumer;)V @ 238
Event: 7462.520 Thread 0x000000001d30c800 Uncommon trap: reason=unstable_if action=reinterpret pc=0x0000000007e3a508 method=com.android.tools.r8.utils.IdentifierUtils.isSimpleNameChar(I)Z @ 45
Event: 7462.627 Thread 0x000000001d30c800 Uncommon trap: reason=null_check action=make_not_entrant pc=0x00000000082c9324 method=com.android.tools.r8.dex.DexParser.debugInfoAt(I)Lcom/android/tools/r8/graph/DexDebugInfo; @ 11
Event: 7462.632 Thread 0x000000001d30c800 Uncommon trap: reason=unstable_if action=reinterpret pc=0x0000000004e15f4c method=com.android.tools.r8.utils.IdentifierUtils.isSimpleNameChar(I)Z @ 45
Event: 7462.638 Thread 0x000000001d312800 Uncommon trap: reason=unstable_if action=reinterpret pc=0x00000000073043d4 method=com.android.tools.r8.utils.IdentifierUtils.isSimpleNameChar(I)Z @ 45
Event: 7462.638 Thread 0x000000001d312800 Uncommon trap: reason=unstable_if action=reinterpret pc=0x0000000006cadb5c method=com.android.tools.r8.utils.IdentifierUtils.isSimpleNameChar(I)Z @ 45
Event: 7462.638 Thread 0x000000001d312800 Uncommon trap: reason=unstable_if action=reinterpret pc=0x0000000007b16e78 method=com.android.tools.r8.utils.IdentifierUtils.isSimpleNameChar(I)Z @ 45
Event: 7462.649 Thread 0x000000001d313800 Uncommon trap: reason=unstable_if action=reinterpret pc=0x00000000071f4f58 method=com.android.tools.r8.utils.IdentifierUtils.isSimpleNameChar(I)Z @ 45
Event: 7462.653 Thread 0x000000001d312800 Uncommon trap: reason=unstable_if action=reinterpret pc=0x000000000559f940 method=com.android.tools.r8.utils.IdentifierUtils.isSimpleNameChar(I)Z @ 45

Classes redefined (0 events):
No events

Internal exceptions (10 events):
Event: 7437.355 Thread 0x000000001ddc4000 Exception <a 'sun/nio/fs/WindowsException'> (0x00000000f4ab41e0) thrown at [D:\src\AOSP-openjdk-cygwin\jdk8u\hotspot\src\share\vm\prims\jni.cpp, line 710]
Event: 7437.355 Thread 0x000000001ddc4000 Exception <a 'sun/nio/fs/WindowsException'> (0x00000000f4ab63b0) thrown at [D:\src\AOSP-openjdk-cygwin\jdk8u\hotspot\src\share\vm\prims\jni.cpp, line 710]
Event: 7437.355 Thread 0x000000001ddc4000 Exception <a 'sun/nio/fs/WindowsException'> (0x00000000f4ab6f58) thrown at [D:\src\AOSP-openjdk-cygwin\jdk8u\hotspot\src\share\vm\prims\jni.cpp, line 710]
Event: 7437.355 Thread 0x000000001ddc4000 Exception <a 'sun/nio/fs/WindowsException'> (0x00000000f4ab9ca8) thrown at [D:\src\AOSP-openjdk-cygwin\jdk8u\hotspot\src\share\vm\prims\jni.cpp, line 710]
Event: 7437.355 Thread 0x000000001ddc4000 Exception <a 'sun/nio/fs/WindowsException'> (0x00000000f4aba860) thrown at [D:\src\AOSP-openjdk-cygwin\jdk8u\hotspot\src\share\vm\prims\jni.cpp, line 710]
Event: 7437.356 Thread 0x000000001ddc4000 Exception <a 'sun/nio/fs/WindowsException'> (0x00000000f4abcaa8) thrown at [D:\src\AOSP-openjdk-cygwin\jdk8u\hotspot\src\share\vm\prims\jni.cpp, line 710]
Event: 7437.356 Thread 0x000000001ddc4000 Exception <a 'sun/nio/fs/WindowsException'> (0x00000000f4abd680) thrown at [D:\src\AOSP-openjdk-cygwin\jdk8u\hotspot\src\share\vm\prims\jni.cpp, line 710]
Event: 7452.352 Thread 0x000000001ddc4000 Exception <a 'sun/nio/fs/WindowsException'> (0x00000000e05bb590) thrown at [D:\src\AOSP-openjdk-cygwin\jdk8u\hotspot\src\share\vm\prims\jni.cpp, line 710]
Event: 7462.112 Thread 0x000000001d985800 Exception <a 'sun/nio/fs/WindowsException'> (0x00000000f65381c0) thrown at [D:\src\AOSP-openjdk-cygwin\jdk8u\hotspot\src\share\vm\prims\jni.cpp, line 710]
Event: 7462.426 Thread 0x000000001d313800 Implicit null exception at 0x00000000042070a0 to 0x00000000042076d1

Events (10 events):
Event: 7462.638 Thread 0x000000001d312800 DEOPT UNPACKING pc=0x0000000002eb557b sp=0x0000000027fbe3d8 mode 2
Event: 7462.638 Thread 0x000000001d312800 Uncommon trap: trap_request=0xffffff65 fr.pc=0x0000000007b16e78
Event: 7462.638 Thread 0x000000001d312800 DEOPT PACKING pc=0x0000000007b16e78 sp=0x0000000027fbe540
Event: 7462.638 Thread 0x000000001d312800 DEOPT UNPACKING pc=0x0000000002eb557b sp=0x0000000027fbe378 mode 2
Event: 7462.649 Thread 0x000000001d313800 Uncommon trap: trap_request=0xffffff65 fr.pc=0x00000000071f4f58
Event: 7462.649 Thread 0x000000001d313800 DEOPT PACKING pc=0x00000000071f4f58 sp=0x00000000294bee80
Event: 7462.653 Thread 0x000000001d312800 Uncommon trap: trap_request=0xffffff65 fr.pc=0x000000000559f940
Event: 7462.653 Thread 0x000000001d312800 DEOPT PACKING pc=0x000000000559f940 sp=0x0000000027fbe5e0
Event: 7462.653 Thread 0x000000001d312800 DEOPT UNPACKING pc=0x0000000002eb557b sp=0x0000000027fbe578 mode 2
Event: 7462.669 Thread 0x000000001d313800 DEOPT UNPACKING pc=0x0000000002eb557b sp=0x00000000294bed68 mode 2


Dynamic libraries:
0x00007ff73aa20000 - 0x00007ff73aa51000 	C:\Program Files\Android\Android Studio\jre\bin\java.exe
0x00007ffe42c00000 - 0x00007ffe42df0000 	C:\WINDOWS\SYSTEM32\ntdll.dll
0x00007ffe14950000 - 0x00007ffe14964000 	C:\Program Files\AVAST Software\Avast\aswhook.dll
0x00007ffe42550000 - 0x00007ffe42602000 	C:\WINDOWS\System32\KERNEL32.DLL
0x00007ffe40860000 - 0x00007ffe40b03000 	C:\WINDOWS\System32\KERNELBASE.dll
0x00007ffe42aa0000 - 0x00007ffe42b43000 	C:\WINDOWS\System32\ADVAPI32.dll
0x00007ffe42450000 - 0x00007ffe424ee000 	C:\WINDOWS\System32\msvcrt.dll
0x00007ffe42000000 - 0x00007ffe42097000 	C:\WINDOWS\System32\sechost.dll
0x00007ffe414d0000 - 0x00007ffe415f0000 	C:\WINDOWS\System32\RPCRT4.dll
0x00007ffe41020000 - 0x00007ffe411b4000 	C:\WINDOWS\System32\USER32.dll
0x00007ffe40730000 - 0x00007ffe40751000 	C:\WINDOWS\System32\win32u.dll
0x00007ffe41750000 - 0x00007ffe41776000 	C:\WINDOWS\System32\GDI32.dll
0x00007ffe40b10000 - 0x00007ffe40ca4000 	C:\WINDOWS\System32\gdi32full.dll
0x00007ffe3fc10000 - 0x00007ffe3fcae000 	C:\WINDOWS\System32\msvcp_win.dll
0x00007ffe40490000 - 0x00007ffe4058a000 	C:\WINDOWS\System32\ucrtbase.dll
0x00007ffe31a40000 - 0x00007ffe31cc5000 	C:\WINDOWS\WinSxS\amd64_microsoft.windows.common-controls_6595b64144ccf1df_6.0.18362.476_none_e6c4b11b130f2595\COMCTL32.dll
0x00007ffe420a0000 - 0x00007ffe423d6000 	C:\WINDOWS\System32\combase.dll
0x00007ffe3fb90000 - 0x00007ffe3fc10000 	C:\WINDOWS\System32\bcryptPrimitives.dll
0x00007ffe414a0000 - 0x00007ffe414ce000 	C:\WINDOWS\System32\IMM32.DLL
0x000000006b2b0000 - 0x000000006b382000 	C:\Program Files\Android\Android Studio\jre\jre\bin\msvcr100.dll
0x000000006b470000 - 0x000000006bcb6000 	C:\Program Files\Android\Android Studio\jre\jre\bin\server\jvm.dll
0x00007ffe40cb0000 - 0x00007ffe40cb8000 	C:\WINDOWS\System32\PSAPI.DLL
0x00007ffe31fa0000 - 0x00007ffe31fa9000 	C:\WINDOWS\SYSTEM32\WSOCK32.dll
0x00007ffe423e0000 - 0x00007ffe4244f000 	C:\WINDOWS\System32\WS2_32.dll
0x00007ffe3db40000 - 0x00007ffe3db64000 	C:\WINDOWS\SYSTEM32\WINMM.dll
0x00007ffe36eb0000 - 0x00007ffe36eba000 	C:\WINDOWS\SYSTEM32\VERSION.dll
0x00007ffe3db10000 - 0x00007ffe3db3d000 	C:\WINDOWS\SYSTEM32\WINMMBASE.dll
0x00007ffe40810000 - 0x00007ffe4085a000 	C:\WINDOWS\System32\cfgmgr32.dll
0x00007ffe355c0000 - 0x00007ffe355cf000 	C:\Program Files\Android\Android Studio\jre\jre\bin\verify.dll
0x00007ffe11c70000 - 0x00007ffe11c99000 	C:\Program Files\Android\Android Studio\jre\jre\bin\java.dll
0x00007ffe23280000 - 0x00007ffe23296000 	C:\Program Files\Android\Android Studio\jre\jre\bin\zip.dll
0x00007ffe41780000 - 0x00007ffe41e65000 	C:\WINDOWS\System32\SHELL32.dll
0x00007ffe40cd0000 - 0x00007ffe40d79000 	C:\WINDOWS\System32\shcore.dll
0x00007ffe3fd10000 - 0x00007ffe4048e000 	C:\WINDOWS\System32\windows.storage.dll
0x00007ffe3fae0000 - 0x00007ffe3faff000 	C:\WINDOWS\System32\profapi.dll
0x00007ffe3fb20000 - 0x00007ffe3fb6a000 	C:\WINDOWS\System32\powrprof.dll
0x00007ffe3fad0000 - 0x00007ffe3fae0000 	C:\WINDOWS\System32\UMPDC.dll
0x00007ffe424f0000 - 0x00007ffe42542000 	C:\WINDOWS\System32\shlwapi.dll
0x00007ffe3fb00000 - 0x00007ffe3fb11000 	C:\WINDOWS\System32\kernel.appcore.dll
0x00007ffe406e0000 - 0x00007ffe406f7000 	C:\WINDOWS\System32\cryptsp.dll
0x00007ffe386a0000 - 0x00007ffe386ba000 	C:\Program Files\Android\Android Studio\jre\jre\bin\net.dll
0x00007ffe3f340000 - 0x00007ffe3f3a7000 	C:\WINDOWS\system32\mswsock.dll
0x00007ffe382c0000 - 0x00007ffe382d1000 	C:\Program Files\Android\Android Studio\jre\jre\bin\nio.dll
0x00007ffe35580000 - 0x00007ffe3559e000 	C:\Users\Lenovo\.gradle\native\25\windows-amd64\native-platform.dll
0x00007ffe355b0000 - 0x00007ffe355bd000 	C:\Program Files\Android\Android Studio\jre\jre\bin\management.dll
0x00007ffe3eeb0000 - 0x00007ffe3eee3000 	C:\WINDOWS\system32\rsaenh.dll
0x00007ffe40700000 - 0x00007ffe40726000 	C:\WINDOWS\System32\bcrypt.dll
0x00007ffe3f9c0000 - 0x00007ffe3f9e5000 	C:\WINDOWS\SYSTEM32\USERENV.dll
0x00007ffe3f510000 - 0x00007ffe3f51c000 	C:\WINDOWS\SYSTEM32\CRYPTBASE.dll
0x00007ffe3f050000 - 0x00007ffe3f08a000 	C:\WINDOWS\SYSTEM32\IPHLPAPI.DLL
0x00007ffe41f20000 - 0x00007ffe41f28000 	C:\WINDOWS\System32\NSI.dll
0x00007ffe36040000 - 0x00007ffe36056000 	C:\WINDOWS\SYSTEM32\dhcpcsvc6.DLL
0x00007ffe36210000 - 0x00007ffe3622c000 	C:\WINDOWS\SYSTEM32\dhcpcsvc.DLL
0x00007ffe3f090000 - 0x00007ffe3f15a000 	C:\WINDOWS\SYSTEM32\DNSAPI.dll
0x00007ffdfc070000 - 0x00007ffdfc20c000 	C:\Program Files\Android\Android Studio\jre\jre\bin\awt.dll
0x00007ffe41370000 - 0x00007ffe41434000 	C:\WINDOWS\System32\OLEAUT32.dll
0x00007ffe3e1a0000 - 0x00007ffe3e1cd000 	C:\WINDOWS\SYSTEM32\dwmapi.dll
0x00007ffe3c600000 - 0x00007ffe3cbc0000 	C:\WINDOWS\SYSTEM32\d2d1.dll
0x00007ffe3dc70000 - 0x00007ffe3dcff000 	C:\WINDOWS\SYSTEM32\apphelp.dll
0x00007ffe3de30000 - 0x00007ffe3dec9000 	C:\WINDOWS\system32\uxtheme.dll

VM Arguments:
jvm_args: -Xmx1536m -Dfile.encoding=windows-1252 -Duser.country=IN -Duser.language=en -Duser.variant 
java_command: org.gradle.launcher.daemon.bootstrap.GradleDaemon 4.10.1
java_class_path (initial): C:\Users\Lenovo\.gradle\wrapper\dists\gradle-4.10.1-all\455itskqi2qtf0v2sja68alqd\gradle-4.10.1\lib\gradle-launcher-4.10.1.jar
Launcher Type: SUN_STANDARD

Environment Variables:
PATH="C:\Program Files (x86)\Common Files\Oracle\Java\javapath;C:\Program Files\Git\cmd";C:\Program Files\Java\jdk-12.0.2;C:\WINDOWS\system32;C:\WINDOWS;C:\WINDOWS\System32\Wbem;C:\WINDOWS\System32\WindowsPowerShell\v1.0\;C:\WINDOWS\System32\OpenSSH\;C:\Program Files\Git\bin\;C:\Program Files\Git\cmd\;C:\Users\Lenovo\AppData\Local\Microsoft\WindowsApps;
USERNAME=Lenovo
OS=Windows_NT
PROCESSOR_IDENTIFIER=Intel64 Family 6 Model 58 Stepping 9, GenuineIntel



---------------  S Y S T E M  ---------------

OS: Windows 10.0 , 64 bit Build 18362 (10.0.18362.329)

CPU:total 4 (initial active 4) (2 cores per cpu, 2 threads per core) family 6 model 58 stepping 9, cmov, cx8, fxsr, mmx, sse, sse2, sse3, ssse3, sse4.1, sse4.2, popcnt, avx, aes, clmul, erms, ht, tsc, tscinvbit, tscinv

Memory: 4k page, physical 7954288k(550968k free), swap 24636448k(2564k free)

vm_info: OpenJDK 64-Bit Server VM (25.202-b03) for windows-amd64 JRE (1.8.0_202-release-1483-b03), built by "builder" with MS VC++ 10.0 (VS2010)

time: Thu Nov 28 16:37:06 2019
timezone: India Standard Time
elapsed time: 7463 seconds (0d 2h 4m 23s)

