#
# There is insufficient memory for the Java Runtime Environment to continue.
# Native memory allocation (malloc) failed to allocate 1023536 bytes for Chunk::new
# Possible reasons:
#   The system is out of physical RAM or swap space
#   The process is running with CompressedOops enabled, and the Java Heap may be blocking the growth of the native heap
# Possible solutions:
#   Reduce memory load on the system
#   Increase physical memory or swap space
#   Check if swap backing store is full
#   Decrease Java heap size (-Xmx/-Xms)
#   Decrease number of Java threads
#   Decrease Java thread stack sizes (-Xss)
#   Set larger code cache with -XX:ReservedCodeCacheSize=
#   JVM is running with Unscaled Compressed Oops mode in which the Java heap is
#     placed in the first 4GB address space. The Java Heap base address is the
#     maximum limit for the native heap growth. Please use -XX:HeapBaseMinAddress
#     to set the Java Heap base and to place the Java Heap above 4GB virtual address.
# This output file may be truncated or incomplete.
#
#  Out of Memory Error (allocation.cpp:389), pid=12952, tid=0x00000000000009f4
#
# JRE version: OpenJDK Runtime Environment (8.0_202-b03) (build 1.8.0_202-release-1483-b03)
# Java VM: OpenJDK 64-Bit Server VM (25.202-b03 mixed mode windows-amd64 compressed oops)
# Failed to write core dump. Minidumps are not enabled by default on client versions of Windows
#

---------------  T H R E A D  ---------------

Current thread (0x0000000016713000):  JavaThread "C2 CompilerThread1" daemon [_thread_in_native, id=2548, stack(0x0000000017e60000,0x0000000017f60000)]

Stack: [0x0000000017e60000,0x0000000017f60000]
[error occurred during error reporting (printing stack bounds), id 0xc0000005]

Native frames: (J=compiled Java code, j=interpreted, Vv=VM code, C=native code)


Current CompileTask:
C2: 129367 13961       4       com.android.tools.r8.dex.DexParser::readMethods (198 bytes)


---------------  P R O C E S S  ---------------

Java Threads: ( => current thread )
  0x000000001ba23800 JavaThread "ForkJoinPool-1-worker-0" daemon [_thread_blocked, id=3828, stack(0x0000000025410000,0x0000000025510000)]
  0x000000001ba21000 JavaThread "ForkJoinPool-1-worker-3" daemon [_thread_blocked, id=8896, stack(0x0000000025310000,0x0000000025410000)]
  0x000000001ba24000 JavaThread "ForkJoinPool-1-worker-2" daemon [_thread_blocked, id=11312, stack(0x0000000025210000,0x0000000025310000)]
  0x000000001ba1f000 JavaThread "ForkJoinPool-1-worker-1" daemon [_thread_in_native, id=11360, stack(0x0000000024f60000,0x0000000025060000)]
  0x000000001c66b000 JavaThread "Cache worker for Java compile cache (E:\SellerHub\farmpe-sellerhub\.gradle\4.10.1\javaCompile)" [_thread_blocked, id=12804, stack(0x0000000024660000,0x0000000024760000)]
  0x000000001d7a9800 JavaThread "Cache worker for Java compile cache (C:\Users\Lenovo\.gradle\caches\4.10.1\javaCompile)" [_thread_blocked, id=3224, stack(0x0000000024440000,0x0000000024540000)]
  0x000000001d7a8000 JavaThread "Cache worker for Build Output Cleanup Cache (E:\SellerHub\farmpe-sellerhub\.gradle\buildOutputCleanup)" [_thread_blocked, id=7788, stack(0x0000000024560000,0x0000000024660000)]
  0x000000001d7a7800 JavaThread "Cache worker for task history cache (E:\SellerHub\farmpe-sellerhub\.gradle\4.10.1\taskHistory)" [_thread_blocked, id=6732, stack(0x0000000024340000,0x0000000024440000)]
  0x000000001d7a4800 JavaThread "Task worker for ':' Thread 3" [_thread_blocked, id=12868, stack(0x0000000024240000,0x0000000024340000)]
  0x000000001c671000 JavaThread "Task worker for ':' Thread 2" [_thread_blocked, id=7448, stack(0x0000000024140000,0x0000000024240000)]
  0x000000001c66d000 JavaThread "Task worker for ':'" [_thread_blocked, id=7500, stack(0x0000000024040000,0x0000000024140000)]
  0x000000001c673800 JavaThread "Cache worker for file content cache (E:\SellerHub\farmpe-sellerhub\.gradle\4.10.1\fileContent)" [_thread_blocked, id=7820, stack(0x0000000023f40000,0x0000000024040000)]
  0x000000001c672800 JavaThread "Cache worker for file content cache (C:\Users\Lenovo\.gradle\caches\4.10.1\fileContent)" [_thread_blocked, id=7968, stack(0x0000000023e40000,0x0000000023f40000)]
  0x000000001c670000 JavaThread "Build operations Thread 4" [_thread_blocked, id=9364, stack(0x0000000023d40000,0x0000000023e40000)]
  0x000000001c671800 JavaThread "Build operations Thread 3" [_thread_blocked, id=10616, stack(0x0000000023c40000,0x0000000023d40000)]
  0x000000001c66e000 JavaThread "Build operations Thread 2" [_thread_blocked, id=4232, stack(0x0000000020990000,0x0000000020a90000)]
  0x000000001c66f800 JavaThread "Build operations" [_thread_blocked, id=5712, stack(0x0000000020890000,0x0000000020990000)]
  0x000000001c66e800 JavaThread "Cache worker for cache directory md-rule (C:\Users\Lenovo\.gradle\caches\4.10.1\md-rule)" [_thread_blocked, id=4932, stack(0x0000000020790000,0x0000000020890000)]
  0x000000001c668800 JavaThread "Cache worker for cache directory md-supplier (C:\Users\Lenovo\.gradle\caches\4.10.1\md-supplier)" [_thread_blocked, id=6224, stack(0x0000000020690000,0x0000000020790000)]
  0x000000001c66c800 JavaThread "Cache worker for file hash cache (E:\SellerHub\farmpe-sellerhub\.gradle\4.10.1\fileHashes)" [_thread_blocked, id=12776, stack(0x000000001fe90000,0x000000001ff90000)]
  0x000000001c669800 JavaThread "Stdin handler" [_thread_blocked, id=7576, stack(0x000000001fd90000,0x000000001fe90000)]
  0x000000001c667000 JavaThread "Asynchronous log dispatcher for DefaultDaemonConnection: socket connection from /127.0.0.1:52859 to /127.0.0.1:52912" [_thread_blocked, id=12604, stack(0x000000001df20000,0x000000001e020000)]
  0x000000001c665800 JavaThread "Cancel handler" [_thread_blocked, id=7672, stack(0x000000001adb0000,0x000000001aeb0000)]
  0x000000001c66b800 JavaThread "Handler for socket connection from /127.0.0.1:52859 to /127.0.0.1:52912" [_thread_in_native, id=8796, stack(0x000000001acb0000,0x000000001adb0000)]
  0x000000001c66a000 JavaThread "Memory manager" [_thread_blocked, id=3876, stack(0x0000000022290000,0x0000000022390000)]
  0x000000001d7a6000 JavaThread "Cache worker for Artifact transforms cache (C:\Users\Lenovo\.gradle\caches\transforms-1)" [_thread_blocked, id=11444, stack(0x000000001ff90000,0x0000000020090000)]
  0x000000001d7aa800 JavaThread "Cache worker for journal cache (C:\Users\Lenovo\.gradle\caches\journal-1)" [_thread_blocked, id=3832, stack(0x000000001e3e0000,0x000000001e4e0000)]
  0x000000001924f800 JavaThread "File lock request listener" [_thread_in_native, id=8184, stack(0x000000001de20000,0x000000001df20000)]
  0x000000001b7d1000 JavaThread "Cache worker for file hash cache (C:\Users\Lenovo\.gradle\caches\4.10.1\fileHashes)" [_thread_blocked, id=944, stack(0x000000001e0e0000,0x000000001e1e0000)]
  0x0000000018a2a800 JavaThread "Daemon worker" [_thread_blocked, id=11844, stack(0x000000001a9b0000,0x000000001aab0000)]
  0x0000000018a15800 JavaThread "Daemon" [_thread_blocked, id=3796, stack(0x000000001a6b0000,0x000000001a7b0000)]
  0x0000000018a0d800 JavaThread "Daemon periodic checks" [_thread_blocked, id=11012, stack(0x000000001a5b0000,0x000000001a6b0000)]
  0x0000000018313800 JavaThread "Incoming local TCP Connector on port 52859" [_thread_in_native, id=12076, stack(0x000000001a370000,0x000000001a470000)]
  0x0000000018078800 JavaThread "Service Thread" daemon [_thread_blocked, id=7792, stack(0x0000000018460000,0x0000000018560000)]
  0x0000000016717000 JavaThread "C1 CompilerThread2" daemon [_thread_blocked, id=1600, stack(0x0000000017f60000,0x0000000018060000)]
=>0x0000000016713000 JavaThread "C2 CompilerThread1" daemon [_thread_in_native, id=2548, stack(0x0000000017e60000,0x0000000017f60000)]
  0x000000001670f800 JavaThread "C2 CompilerThread0" daemon [_thread_blocked, id=4956, stack(0x0000000017d60000,0x0000000017e60000)]
  0x0000000016709800 JavaThread "Attach Listener" daemon [_thread_blocked, id=12364, stack(0x0000000017c60000,0x0000000017d60000)]
  0x0000000016708000 JavaThread "Signal Dispatcher" daemon [_thread_blocked, id=9060, stack(0x0000000017b60000,0x0000000017c60000)]
  0x0000000002d9b000 JavaThread "Finalizer" daemon [_thread_blocked, id=3768, stack(0x0000000017960000,0x0000000017a60000)]
  0x00000000166f9000 JavaThread "Reference Handler" daemon [_thread_blocked, id=7236, stack(0x0000000017860000,0x0000000017960000)]
  0x00000000011fd800 JavaThread "main" [_thread_blocked, id=5976, stack(0x0000000002b50000,0x0000000002c50000)]

Other Threads:
  0x00000000166d8000 VMThread [stack: 0x0000000017760000,0x0000000017860000] [id=10756]
  0x0000000016750000 WatcherThread [stack: 0x0000000018560000,0x0000000018660000] [id=1196]

VM state:not at safepoint (normal execution)

VM Mutex/Monitor currently owned by a thread: None

heap address: 0x00000000a0000000, size: 1536 MB, Compressed Oops mode: 32-bit
Narrow klass base: 0x0000000000000000, Narrow klass shift: 3
Compressed class space size: 1073741824 Address: 0x0000000100000000

Heap:
 PSYoungGen      total 107008K, used 39877K [0x00000000e0000000, 0x00000000e9c00000, 0x0000000100000000)
  eden space 65536K, 46% used [0x00000000e0000000,0x00000000e1de1c98,0x00000000e4000000)
  from space 41472K, 22% used [0x00000000e7380000,0x00000000e7c8f7e0,0x00000000e9c00000)
  to   space 29696K, 0% used [0x00000000e4000000,0x00000000e4000000,0x00000000e5d00000)
 ParOldGen       total 140288K, used 140205K [0x00000000a0000000, 0x00000000a8900000, 0x00000000e0000000)
  object space 140288K, 99% used [0x00000000a0000000,0x00000000a88eb7b8,0x00000000a8900000)
 Metaspace       used 78931K, capacity 81679K, committed 81792K, reserved 1120256K
  class space    used 10264K, capacity 10872K, committed 10880K, reserved 1048576K

Card table byte_map: [0x0000000012160000,0x0000000012470000] byte_map_base: 0x0000000011c60000

Marking Bits: (ParMarkBitMap*) 0x000000006bc39f30
 Begin Bits: [0x0000000012a70000, 0x0000000014270000)
 End Bits:   [0x0000000014270000, 0x0000000015a70000)

Polling page: 0x00000000011d0000

CodeCache: size=245760Kb used=39947Kb max_used=41782Kb free=205812Kb
 bounds [0x0000000002da0000, 0x0000000005700000, 0x0000000011da0000]
 total_blobs=12214 nmethods=11383 adapters=743
 compilation: enabled

Compilation events (10 events):
Event: 129.183 Thread 0x000000001670f800 nmethod 13962 0x0000000004e3dcd0 code [0x0000000004e3de20, 0x0000000004e3e3b8]
Event: 129.184 Thread 0x000000001670f800 13983       4       com.android.tools.r8.dex.DexParser::parseAnnotationSet (76 bytes)
Event: 129.184 Thread 0x0000000016717000 13988       1       com.android.tools.r8.graph.DexProgramClass::asProgramClass (2 bytes)
Event: 129.184 Thread 0x0000000016717000 nmethod 13988 0x0000000004e21250 code [0x0000000004e213a0, 0x0000000004e214b0]
Event: 129.189 Thread 0x0000000016717000 13989       2       com.android.tools.r8.utils.ProgramClassCollection$$Lambda$376/1144607568::get$Lambda (9 bytes)
Event: 129.190 Thread 0x0000000016717000 nmethod 13989 0x000000000506dc90 code [0x000000000506dde0, 0x000000000506df70]
Event: 129.190 Thread 0x0000000016717000 13990   !   2       java.util.concurrent.ConcurrentHashMap::merge (526 bytes)
Event: 129.193 Thread 0x0000000016717000 nmethod 13990 0x00000000050ad6d0 code [0x00000000050ad940, 0x00000000050ae948]
Event: 129.202 Thread 0x000000001670f800 nmethod 13983 0x00000000045ab5d0 code [0x00000000045ab760, 0x00000000045ac008]
Event: 129.202 Thread 0x000000001670f800 13813       4       com.android.tools.r8.dex.DexParser$MemberAnnotationIterator::getNextFor (101 bytes)

GC Heap History (10 events):
Event: 121.635 GC heap before
{Heap before GC invocations=47 (full 4):
 PSYoungGen      total 83968K, used 81125K [0x00000000e0000000, 0x00000000e6600000, 0x0000000100000000)
  eden space 68096K, 100% used [0x00000000e0000000,0x00000000e4280000,0x00000000e4280000)
  from space 15872K, 82% used [0x00000000e5380000,0x00000000e60395b8,0x00000000e6300000)
  to   space 17408K, 0% used [0x00000000e4280000,0x00000000e4280000,0x00000000e5380000)
 ParOldGen       total 132608K, used 70402K [0x00000000a0000000, 0x00000000a8180000, 0x00000000e0000000)
  object space 132608K, 53% used [0x00000000a0000000,0x00000000a44c0a18,0x00000000a8180000)
 Metaspace       used 75240K, capacity 77861K, committed 77952K, reserved 1116160K
  class space    used 9742K, capacity 10349K, committed 10368K, reserved 1048576K
Event: 121.694 GC heap after
Heap after GC invocations=47 (full 4):
 PSYoungGen      total 85504K, used 16074K [0x00000000e0000000, 0x00000000e7000000, 0x0000000100000000)
  eden space 68096K, 0% used [0x00000000e0000000,0x00000000e0000000,0x00000000e4280000)
  from space 17408K, 92% used [0x00000000e4280000,0x00000000e5232b88,0x00000000e5380000)
  to   space 19456K, 0% used [0x00000000e5d00000,0x00000000e5d00000,0x00000000e7000000)
 ParOldGen       total 132608K, used 70410K [0x00000000a0000000, 0x00000000a8180000, 0x00000000e0000000)
  object space 132608K, 53% used [0x00000000a0000000,0x00000000a44c2a18,0x00000000a8180000)
 Metaspace       used 75240K, capacity 77861K, committed 77952K, reserved 1116160K
  class space    used 9742K, capacity 10349K, committed 10368K, reserved 1048576K
}
Event: 125.950 GC heap before
{Heap before GC invocations=48 (full 4):
 PSYoungGen      total 85504K, used 83975K [0x00000000e0000000, 0x00000000e7000000, 0x0000000100000000)
  eden space 68096K, 99% used [0x00000000e0000000,0x00000000e424f148,0x00000000e4280000)
  from space 17408K, 92% used [0x00000000e4280000,0x00000000e5232b88,0x00000000e5380000)
  to   space 19456K, 0% used [0x00000000e5d00000,0x00000000e5d00000,0x00000000e7000000)
 ParOldGen       total 132608K, used 70410K [0x00000000a0000000, 0x00000000a8180000, 0x00000000e0000000)
  object space 132608K, 53% used [0x00000000a0000000,0x00000000a44c2a18,0x00000000a8180000)
 Metaspace       used 77102K, capacity 79757K, committed 80000K, reserved 1118208K
  class space    used 9982K, capacity 10593K, committed 10624K, reserved 1048576K
Event: 125.985 GC heap after
Heap after GC invocations=48 (full 4):
 PSYoungGen      total 84992K, used 19454K [0x00000000e0000000, 0x00000000e8400000, 0x0000000100000000)
  eden space 65536K, 0% used [0x00000000e0000000,0x00000000e0000000,0x00000000e4000000)
  from space 19456K, 99% used [0x00000000e5d00000,0x00000000e6fffa68,0x00000000e7000000)
  to   space 29696K, 0% used [0x00000000e4000000,0x00000000e4000000,0x00000000e5d00000)
 ParOldGen       total 132608K, used 90796K [0x00000000a0000000, 0x00000000a8180000, 0x00000000e0000000)
  object space 132608K, 68% used [0x00000000a0000000,0x00000000a58ab338,0x00000000a8180000)
 Metaspace       used 77102K, capacity 79757K, committed 80000K, reserved 1118208K
  class space    used 9982K, capacity 10593K, committed 10624K, reserved 1048576K
}
Event: 126.822 GC heap before
{Heap before GC invocations=49 (full 4):
 PSYoungGen      total 84992K, used 84990K [0x00000000e0000000, 0x00000000e8400000, 0x0000000100000000)
  eden space 65536K, 100% used [0x00000000e0000000,0x00000000e4000000,0x00000000e4000000)
  from space 19456K, 99% used [0x00000000e5d00000,0x00000000e6fffa68,0x00000000e7000000)
  to   space 29696K, 0% used [0x00000000e4000000,0x00000000e4000000,0x00000000e5d00000)
 ParOldGen       total 132608K, used 90796K [0x00000000a0000000, 0x00000000a8180000, 0x00000000e0000000)
  object space 132608K, 68% used [0x00000000a0000000,0x00000000a58ab338,0x00000000a8180000)
 Metaspace       used 78492K, capacity 81155K, committed 81280K, reserved 1120256K
  class space    used 10233K, capacity 10834K, committed 10880K, reserved 1048576K
Event: 126.904 GC heap after
Heap after GC invocations=49 (full 4):
 PSYoungGen      total 95232K, used 29689K [0x00000000e0000000, 0x00000000e9c00000, 0x0000000100000000)
  eden space 65536K, 0% used [0x00000000e0000000,0x00000000e0000000,0x00000000e4000000)
  from space 29696K, 99% used [0x00000000e4000000,0x00000000e5cfe660,0x00000000e5d00000)
  to   space 41472K, 0% used [0x00000000e7380000,0x00000000e7380000,0x00000000e9c00000)
 ParOldGen       total 132608K, used 110058K [0x00000000a0000000, 0x00000000a8180000, 0x00000000e0000000)
  object space 132608K, 82% used [0x00000000a0000000,0x00000000a6b7abb8,0x00000000a8180000)
 Metaspace       used 78492K, capacity 81155K, committed 81280K, reserved 1120256K
  class space    used 10233K, capacity 10834K, committed 10880K, reserved 1048576K
}
Event: 127.888 GC heap before
{Heap before GC invocations=50 (full 4):
 PSYoungGen      total 95232K, used 95225K [0x00000000e0000000, 0x00000000e9c00000, 0x0000000100000000)
  eden space 65536K, 100% used [0x00000000e0000000,0x00000000e4000000,0x00000000e4000000)
  from space 29696K, 99% used [0x00000000e4000000,0x00000000e5cfe660,0x00000000e5d00000)
  to   space 41472K, 0% used [0x00000000e7380000,0x00000000e7380000,0x00000000e9c00000)
 ParOldGen       total 132608K, used 110058K [0x00000000a0000000, 0x00000000a8180000, 0x00000000e0000000)
  object space 132608K, 82% used [0x00000000a0000000,0x00000000a6b7abb8,0x00000000a8180000)
 Metaspace       used 78912K, capacity 81655K, committed 81792K, reserved 1120256K
  class space    used 10266K, capacity 10880K, committed 10880K, reserved 1048576K
Event: 128.030 GC heap after
Heap after GC invocations=50 (full 4):
 PSYoungGen      total 107008K, used 38541K [0x00000000e0000000, 0x00000000e9c00000, 0x0000000100000000)
  eden space 65536K, 0% used [0x00000000e0000000,0x00000000e0000000,0x00000000e4000000)
  from space 41472K, 92% used [0x00000000e7380000,0x00000000e9923590,0x00000000e9c00000)
  to   space 29696K, 0% used [0x00000000e4000000,0x00000000e4000000,0x00000000e5d00000)
 ParOldGen       total 140288K, used 139545K [0x00000000a0000000, 0x00000000a8900000, 0x00000000e0000000)
  object space 140288K, 99% used [0x00000000a0000000,0x00000000a88465e0,0x00000000a8900000)
 Metaspace       used 78912K, capacity 81655K, committed 81792K, reserved 1120256K
  class space    used 10266K, capacity 10880K, committed 10880K, reserved 1048576K
}
Event: 128.030 GC heap before
{Heap before GC invocations=51 (full 5):
 PSYoungGen      total 107008K, used 38541K [0x00000000e0000000, 0x00000000e9c00000, 0x0000000100000000)
  eden space 65536K, 0% used [0x00000000e0000000,0x00000000e0000000,0x00000000e4000000)
  from space 41472K, 92% used [0x00000000e7380000,0x00000000e9923590,0x00000000e9c00000)
  to   space 29696K, 0% used [0x00000000e4000000,0x00000000e4000000,0x00000000e5d00000)
 ParOldGen       total 140288K, used 139545K [0x00000000a0000000, 0x00000000a8900000, 0x00000000e0000000)
  object space 140288K, 99% used [0x00000000a0000000,0x00000000a88465e0,0x00000000a8900000)
 Metaspace       used 78912K, capacity 81655K, committed 81792K, reserved 1120256K
  class space    used 10266K, capacity 10880K, committed 10880K, reserved 1048576K
Event: 128.931 GC heap after
Heap after GC invocations=51 (full 5):
 PSYoungGen      total 107008K, used 9277K [0x00000000e0000000, 0x00000000e9c00000, 0x0000000100000000)
  eden space 65536K, 0% used [0x00000000e0000000,0x00000000e0000000,0x00000000e4000000)
  from space 41472K, 22% used [0x00000000e7380000,0x00000000e7c8f7e0,0x00000000e9c00000)
  to   space 29696K, 0% used [0x00000000e4000000,0x00000000e4000000,0x00000000e5d00000)
 ParOldGen       total 140288K, used 140205K [0x00000000a0000000, 0x00000000a8900000, 0x00000000e0000000)
  object space 140288K, 99% used [0x00000000a0000000,0x00000000a88eb7b8,0x00000000a8900000)
 Metaspace       used 78897K, capacity 81609K, committed 81792K, reserved 1120256K
  class space    used 10261K, capacity 10871K, committed 10880K, reserved 1048576K
}

Deoptimization events (10 events):
Event: 126.984 Thread 0x000000001ba23800 Uncommon trap: reason=unstable_if action=reinterpret pc=0x0000000004f9f8bc method=com.android.tools.r8.dex.DexParser.cacheAt(ILjava/util/function/Supplier;)Ljava/lang/Object; @ 1
Event: 127.000 Thread 0x000000001ba23800 Uncommon trap: reason=unstable_if action=reinterpret pc=0x0000000004d894ac method=com.android.tools.r8.graph.DexString.computeEquals(Ljava/lang/Object;)Z @ 20
Event: 127.001 Thread 0x000000001ba21000 Uncommon trap: reason=unstable_if action=reinterpret pc=0x0000000004ecb5c0 method=com.android.tools.r8.it.unimi.dsi.fastutil.ints.Int2ObjectOpenHashMap.get(I)Ljava/lang/Object; @ 8
Event: 127.009 Thread 0x000000001ba23800 Uncommon trap: reason=unstable_if action=reinterpret pc=0x0000000004d2c7ec method=com.android.tools.r8.graph.DexProto.computeEquals(Ljava/lang/Object;)Z @ 23
Event: 127.121 Thread 0x000000001ba23800 Uncommon trap: reason=unstable_if action=reinterpret pc=0x0000000004d0e2cc method=com.android.tools.r8.graph.DexTypeList.equals(Ljava/lang/Object;)Z @ 28
Event: 127.142 Thread 0x000000001ba23800 Uncommon trap: reason=unstable_if action=reinterpret pc=0x0000000004ee8340 method=com.android.tools.r8.utils.IdentifierUtils.isSimpleNameChar(I)Z @ 45
Event: 127.159 Thread 0x000000001ba24000 Uncommon trap: reason=unloaded action=reinterpret pc=0x0000000004cef458 method=com.android.tools.r8.code.BaseInstructionFactory.create(IILcom/android/tools/r8/code/BytecodeStream;Lcom/android/tools/r8/graph/OffsetToObjectMapping;)Lcom/android/tools/r8/cod
Event: 127.355 Thread 0x000000001ba24000 Uncommon trap: reason=null_check action=make_not_entrant pc=0x0000000004443294 method=com.android.tools.r8.dex.DexParser.debugInfoAt(I)Lcom/android/tools/r8/graph/DexDebugInfo; @ 11
Event: 127.806 Thread 0x000000001ba24000 Uncommon trap: reason=unloaded action=reinterpret pc=0x0000000004f84f70 method=com.android.tools.r8.code.BaseInstructionFactory.create(IILcom/android/tools/r8/code/BytecodeStream;Lcom/android/tools/r8/graph/OffsetToObjectMapping;)Lcom/android/tools/r8/cod
Event: 129.146 Thread 0x000000001ba21000 Uncommon trap: reason=unloaded action=reinterpret pc=0x0000000005090b14 method=com.android.tools.r8.dex.DexParser.parseEncodedValue()Lcom/android/tools/r8/graph/DexValue; @ 220

Classes redefined (0 events):
No events

Internal exceptions (10 events):
Event: 88.687 Thread 0x0000000018a2a800 Exception <a 'sun/nio/fs/WindowsException'> (0x00000000e14c58b0) thrown at [D:\src\AOSP-openjdk-cygwin\jdk8u\hotspot\src\share\vm\prims\jni.cpp, line 710]
Event: 88.687 Thread 0x0000000018a2a800 Exception <a 'sun/nio/fs/WindowsException'> (0x00000000e14c7af8) thrown at [D:\src\AOSP-openjdk-cygwin\jdk8u\hotspot\src\share\vm\prims\jni.cpp, line 710]
Event: 88.687 Thread 0x0000000018a2a800 Exception <a 'sun/nio/fs/WindowsException'> (0x00000000e14c8980) thrown at [D:\src\AOSP-openjdk-cygwin\jdk8u\hotspot\src\share\vm\prims\jni.cpp, line 710]
Event: 108.753 Thread 0x0000000018a2a800 Implicit null exception at 0x0000000004bd9fb3 to 0x0000000004bda659
Event: 110.206 Thread 0x0000000018a2a800 Implicit null exception at 0x00000000049be82f to 0x00000000049bee45
Event: 125.218 Thread 0x000000001ba1f000 Exception <a 'sun/nio/fs/WindowsException'> (0x00000000e2af09d0) thrown at [D:\src\AOSP-openjdk-cygwin\jdk8u\hotspot\src\share\vm\prims\jni.cpp, line 710]
Event: 126.708 Thread 0x000000001ba21000 Implicit null exception at 0x00000000039b8eef to 0x00000000039b8fdd
Event: 126.708 Thread 0x000000001ba24000 Implicit null exception at 0x00000000039b8eef to 0x00000000039b8fdd
Event: 126.708 Thread 0x000000001ba23800 Implicit null exception at 0x00000000039b8eef to 0x00000000039b8fdd
Event: 127.355 Thread 0x000000001ba24000 Implicit null exception at 0x000000000443ff00 to 0x0000000004443265

Events (10 events):
Event: 129.146 Thread 0x000000001ba21000 DEOPT PACKING pc=0x0000000005090b14 sp=0x000000002540ef30
Event: 129.147 Thread 0x000000001ba21000 DEOPT UNPACKING pc=0x0000000002de557b sp=0x000000002540eee0 mode 2
Event: 129.188 loading class com/android/tools/r8/dex/ApplicationReader$ProgramClassConflictResolver
Event: 129.188 loading class com/android/tools/r8/dex/ApplicationReader$ProgramClassConflictResolver done
Event: 129.188 loading class com/android/tools/r8/dex/ApplicationReader$ProgramClassConflictResolver
Event: 129.188 loading class com/android/tools/r8/dex/ApplicationReader$ProgramClassConflictResolver done
Event: 129.198 loading class com/android/tools/r8/graph/DirectMappedDexApplication
Event: 129.198 loading class com/android/tools/r8/graph/DirectMappedDexApplication done
Event: 129.199 loading class com/android/tools/r8/ir/conversion/IRConverter
Event: 129.199 loading class com/android/tools/r8/ir/conversion/IRConverter done


Dynamic libraries:
0x00007ff73aa20000 - 0x00007ff73aa51000 	C:\Program Files\Android\Android Studio\jre\bin\java.exe
0x00007ffe42c00000 - 0x00007ffe42df0000 	C:\WINDOWS\SYSTEM32\ntdll.dll
0x00007ffe14950000 - 0x00007ffe14964000 	C:\Program Files\AVAST Software\Avast\aswhook.dll
0x00007ffe42550000 - 0x00007ffe42602000 	C:\WINDOWS\System32\KERNEL32.DLL
0x00007ffe40860000 - 0x00007ffe40b03000 	C:\WINDOWS\System32\KERNELBASE.dll
0x00007ffe42aa0000 - 0x00007ffe42b43000 	C:\WINDOWS\System32\ADVAPI32.dll
0x00007ffe42450000 - 0x00007ffe424ee000 	C:\WINDOWS\System32\msvcrt.dll
0x00007ffe42000000 - 0x00007ffe42097000 	C:\WINDOWS\System32\sechost.dll
0x00007ffe414d0000 - 0x00007ffe415f0000 	C:\WINDOWS\System32\RPCRT4.dll
0x00007ffe41020000 - 0x00007ffe411b4000 	C:\WINDOWS\System32\USER32.dll
0x00007ffe40730000 - 0x00007ffe40751000 	C:\WINDOWS\System32\win32u.dll
0x00007ffe41750000 - 0x00007ffe41776000 	C:\WINDOWS\System32\GDI32.dll
0x00007ffe40b10000 - 0x00007ffe40ca4000 	C:\WINDOWS\System32\gdi32full.dll
0x00007ffe3fc10000 - 0x00007ffe3fcae000 	C:\WINDOWS\System32\msvcp_win.dll
0x00007ffe40490000 - 0x00007ffe4058a000 	C:\WINDOWS\System32\ucrtbase.dll
0x00007ffe31a40000 - 0x00007ffe31cc5000 	C:\WINDOWS\WinSxS\amd64_microsoft.windows.common-controls_6595b64144ccf1df_6.0.18362.476_none_e6c4b11b130f2595\COMCTL32.dll
0x00007ffe420a0000 - 0x00007ffe423d6000 	C:\WINDOWS\System32\combase.dll
0x00007ffe3fb90000 - 0x00007ffe3fc10000 	C:\WINDOWS\System32\bcryptPrimitives.dll
0x00007ffe414a0000 - 0x00007ffe414ce000 	C:\WINDOWS\System32\IMM32.DLL
0x000000006b2b0000 - 0x000000006b382000 	C:\Program Files\Android\Android Studio\jre\jre\bin\msvcr100.dll
0x000000006b470000 - 0x000000006bcb6000 	C:\Program Files\Android\Android Studio\jre\jre\bin\server\jvm.dll
0x00007ffe40cb0000 - 0x00007ffe40cb8000 	C:\WINDOWS\System32\PSAPI.DLL
0x00007ffe31fa0000 - 0x00007ffe31fa9000 	C:\WINDOWS\SYSTEM32\WSOCK32.dll
0x00007ffe423e0000 - 0x00007ffe4244f000 	C:\WINDOWS\System32\WS2_32.dll
0x00007ffe3db40000 - 0x00007ffe3db64000 	C:\WINDOWS\SYSTEM32\WINMM.dll
0x00007ffe36eb0000 - 0x00007ffe36eba000 	C:\WINDOWS\SYSTEM32\VERSION.dll
0x00007ffe3db10000 - 0x00007ffe3db3d000 	C:\WINDOWS\SYSTEM32\WINMMBASE.dll
0x00007ffe40810000 - 0x00007ffe4085a000 	C:\WINDOWS\System32\cfgmgr32.dll
0x00007ffe355c0000 - 0x00007ffe355cf000 	C:\Program Files\Android\Android Studio\jre\jre\bin\verify.dll
0x00007ffe11c70000 - 0x00007ffe11c99000 	C:\Program Files\Android\Android Studio\jre\jre\bin\java.dll
0x00007ffe23280000 - 0x00007ffe23296000 	C:\Program Files\Android\Android Studio\jre\jre\bin\zip.dll
0x00007ffe41780000 - 0x00007ffe41e65000 	C:\WINDOWS\System32\SHELL32.dll
0x00007ffe40cd0000 - 0x00007ffe40d79000 	C:\WINDOWS\System32\shcore.dll
0x00007ffe3fd10000 - 0x00007ffe4048e000 	C:\WINDOWS\System32\windows.storage.dll
0x00007ffe3fae0000 - 0x00007ffe3faff000 	C:\WINDOWS\System32\profapi.dll
0x00007ffe3fb20000 - 0x00007ffe3fb6a000 	C:\WINDOWS\System32\powrprof.dll
0x00007ffe3fad0000 - 0x00007ffe3fae0000 	C:\WINDOWS\System32\UMPDC.dll
0x00007ffe424f0000 - 0x00007ffe42542000 	C:\WINDOWS\System32\shlwapi.dll
0x00007ffe3fb00000 - 0x00007ffe3fb11000 	C:\WINDOWS\System32\kernel.appcore.dll
0x00007ffe406e0000 - 0x00007ffe406f7000 	C:\WINDOWS\System32\cryptsp.dll
0x00007ffe386a0000 - 0x00007ffe386ba000 	C:\Program Files\Android\Android Studio\jre\jre\bin\net.dll
0x00007ffe3f340000 - 0x00007ffe3f3a7000 	C:\WINDOWS\system32\mswsock.dll
0x00007ffe382c0000 - 0x00007ffe382d1000 	C:\Program Files\Android\Android Studio\jre\jre\bin\nio.dll
0x00007ffe35580000 - 0x00007ffe3559e000 	C:\Users\Lenovo\.gradle\native\25\windows-amd64\native-platform.dll
0x00007ffe355b0000 - 0x00007ffe355bd000 	C:\Program Files\Android\Android Studio\jre\jre\bin\management.dll
0x00007ffe3eeb0000 - 0x00007ffe3eee3000 	C:\WINDOWS\system32\rsaenh.dll
0x00007ffe40700000 - 0x00007ffe40726000 	C:\WINDOWS\System32\bcrypt.dll
0x00007ffe3f9c0000 - 0x00007ffe3f9e5000 	C:\WINDOWS\SYSTEM32\USERENV.dll
0x00007ffe3f510000 - 0x00007ffe3f51c000 	C:\WINDOWS\SYSTEM32\CRYPTBASE.dll
0x00007ffe3f050000 - 0x00007ffe3f08a000 	C:\WINDOWS\SYSTEM32\IPHLPAPI.DLL
0x00007ffe41f20000 - 0x00007ffe41f28000 	C:\WINDOWS\System32\NSI.dll
0x00007ffe36040000 - 0x00007ffe36056000 	C:\WINDOWS\SYSTEM32\dhcpcsvc6.DLL
0x00007ffe36210000 - 0x00007ffe3622c000 	C:\WINDOWS\SYSTEM32\dhcpcsvc.DLL
0x00007ffe3f090000 - 0x00007ffe3f15a000 	C:\WINDOWS\SYSTEM32\DNSAPI.dll

VM Arguments:
jvm_args: -Xmx1536m -Dfile.encoding=windows-1252 -Duser.country=IN -Duser.language=en -Duser.variant 
java_command: org.gradle.launcher.daemon.bootstrap.GradleDaemon 4.10.1
java_class_path (initial): C:\Users\Lenovo\.gradle\wrapper\dists\gradle-4.10.1-all\455itskqi2qtf0v2sja68alqd\gradle-4.10.1\lib\gradle-launcher-4.10.1.jar
Launcher Type: SUN_STANDARD

Environment Variables:
PATH="C:\Program Files (x86)\Common Files\Oracle\Java\javapath;C:\Program Files\Git\cmd";C:\Program Files\Java\jdk-12.0.2;C:\WINDOWS\system32;C:\WINDOWS;C:\WINDOWS\System32\Wbem;C:\WINDOWS\System32\WindowsPowerShell\v1.0\;C:\WINDOWS\System32\OpenSSH\;C:\Program Files\Git\bin\;C:\Program Files\Git\cmd\;C:\Users\Lenovo\AppData\Local\Microsoft\WindowsApps;
USERNAME=Lenovo
OS=Windows_NT
PROCESSOR_IDENTIFIER=Intel64 Family 6 Model 58 Stepping 9, GenuineIntel



---------------  S Y S T E M  ---------------

OS: Windows 10.0 , 64 bit Build 18362 (10.0.18362.329)

CPU:total 4 (initial active 4) (2 cores per cpu, 2 threads per core) family 6 model 58 stepping 9, cmov, cx8, fxsr, mmx, sse, sse2, sse3, ssse3, sse4.1, sse4.2, popcnt, avx, aes, clmul, erms, ht, tsc, tscinvbit, tscinv

Memory: 4k page, physical 7954288k(599128k free), swap 24636448k(724k free)

vm_info: OpenJDK 64-Bit Server VM (25.202-b03) for windows-amd64 JRE (1.8.0_202-release-1483-b03), built by "builder" with MS VC++ 10.0 (VS2010)

time: Thu Nov 28 16:40:23 2019
timezone: India Standard Time
elapsed time: 129 seconds (0d 0h 2m 9s)

