#
# There is insufficient memory for the Java Runtime Environment to continue.
# Native memory allocation (malloc) failed to allocate 418560 bytes for Chunk::new
# Possible reasons:
#   The system is out of physical RAM or swap space
#   The process is running with CompressedOops enabled, and the Java Heap may be blocking the growth of the native heap
# Possible solutions:
#   Reduce memory load on the system
#   Increase physical memory or swap space
#   Check if swap backing store is full
#   Decrease Java heap size (-Xmx/-Xms)
#   Decrease number of Java threads
#   Decrease Java thread stack sizes (-Xss)
#   Set larger code cache with -XX:ReservedCodeCacheSize=
#   JVM is running with Unscaled Compressed Oops mode in which the Java heap is
#     placed in the first 4GB address space. The Java Heap base address is the
#     maximum limit for the native heap growth. Please use -XX:HeapBaseMinAddress
#     to set the Java Heap base and to place the Java Heap above 4GB virtual address.
# This output file may be truncated or incomplete.
#
#  Out of Memory Error (allocation.cpp:389), pid=7312, tid=0x0000000000001af8
#
# JRE version: OpenJDK Runtime Environment (8.0_202-b03) (build 1.8.0_202-release-1483-b03)
# Java VM: OpenJDK 64-Bit Server VM (25.202-b03 mixed mode windows-amd64 compressed oops)
# Failed to write core dump. Minidumps are not enabled by default on client versions of Windows
#

---------------  T H R E A D  ---------------

Current thread (0x0000000015c52800):  JavaThread "C2 CompilerThread1" daemon [_thread_in_native, id=6904, stack(0x00000000173a0000,0x00000000174a0000)]

Stack: [0x00000000173a0000,0x00000000174a0000]
[error occurred during error reporting (printing stack bounds), id 0xc0000005]

Native frames: (J=compiled Java code, j=interpreted, Vv=VM code, C=native code)


Current CompileTask:
C2:  19105 4017   !   4       com.sun.beans.TypeResolver::resolve (274 bytes)


---------------  P R O C E S S  ---------------

Java Threads: ( => current thread )
  0x00000000185df000 JavaThread "Build operations Thread 4" [_thread_blocked, id=6004, stack(0x0000000020da0000,0x0000000020ea0000)]
  0x00000000185dd000 JavaThread "Build operations Thread 3" [_thread_blocked, id=8056, stack(0x0000000020ca0000,0x0000000020da0000)]
  0x000000001b235800 JavaThread "Build operations Thread 2" [_thread_blocked, id=10432, stack(0x0000000020ba0000,0x0000000020ca0000)]
  0x000000001b232800 JavaThread "Build operations" [_thread_blocked, id=5572, stack(0x0000000020aa0000,0x0000000020ba0000)]
  0x000000001b238000 JavaThread "Cache worker for Artifact transforms cache (C:\Users\Lenovo\.gradle\caches\transforms-1)" [_thread_blocked, id=10536, stack(0x000000001e0a0000,0x000000001e1a0000)]
  0x000000001b234000 JavaThread "Cache worker for cache directory md-rule (C:\Users\Lenovo\.gradle\caches\4.10.1\md-rule)" [_thread_blocked, id=10156, stack(0x000000001dfa0000,0x000000001e0a0000)]
  0x000000001b237800 JavaThread "Cache worker for cache directory md-supplier (C:\Users\Lenovo\.gradle\caches\4.10.1\md-supplier)" [_thread_blocked, id=13268, stack(0x000000001dea0000,0x000000001dfa0000)]
  0x000000001b239000 JavaThread "Cache worker for journal cache (C:\Users\Lenovo\.gradle\caches\journal-1)" [_thread_blocked, id=1736, stack(0x000000001f1d0000,0x000000001f2d0000)]
  0x000000001b236800 JavaThread "Cache worker for file hash cache (E:\SellerHub\farmpe-sellerhub\.gradle\4.10.1\fileHashes)" [_thread_blocked, id=4748, stack(0x000000001c690000,0x000000001c790000)]
  0x000000001b002800 JavaThread "File lock request listener" [_thread_in_native, id=1204, stack(0x000000001c7d0000,0x000000001c8d0000)]
  0x000000001769f000 JavaThread "Cache worker for file hash cache (C:\Users\Lenovo\.gradle\caches\4.10.1\fileHashes)" [_thread_blocked, id=10892, stack(0x000000001c590000,0x000000001c690000)]
  0x0000000017be4000 JavaThread "Stdin handler" [_thread_blocked, id=12144, stack(0x000000001a2f0000,0x000000001a3f0000)]
  0x0000000017644000 JavaThread "Asynchronous log dispatcher for DefaultDaemonConnection: socket connection from /127.0.0.1:53160 to /127.0.0.1:53161" [_thread_blocked, id=10176, stack(0x000000001a1f0000,0x000000001a2f0000)]
  0x0000000017bda000 JavaThread "Daemon worker" [_thread_in_vm, id=940, stack(0x000000001a0f0000,0x000000001a1f0000)]
  0x0000000017bd9800 JavaThread "Cancel handler" [_thread_blocked, id=8996, stack(0x0000000019df0000,0x0000000019ef0000)]
  0x00000000180b3000 JavaThread "Handler for socket connection from /127.0.0.1:53160 to /127.0.0.1:53161" [_thread_in_native, id=7228, stack(0x0000000019cf0000,0x0000000019df0000)]
  0x00000000180ac800 JavaThread "Daemon" [_thread_blocked, id=6776, stack(0x0000000019bf0000,0x0000000019cf0000)]
  0x0000000017fef000 JavaThread "Daemon periodic checks" [_thread_blocked, id=10800, stack(0x0000000019af0000,0x0000000019bf0000)]
  0x0000000017d05800 JavaThread "Incoming local TCP Connector on port 53160" [_thread_in_native, id=7032, stack(0x00000000198b0000,0x00000000199b0000)]
  0x00000000174ce800 JavaThread "Service Thread" daemon [_thread_blocked, id=8864, stack(0x00000000179a0000,0x0000000017aa0000)]
  0x00000000174a0800 JavaThread "C1 CompilerThread2" daemon [_thread_blocked, id=6292, stack(0x00000000178a0000,0x00000000179a0000)]
=>0x0000000015c52800 JavaThread "C2 CompilerThread1" daemon [_thread_in_native, id=6904, stack(0x00000000173a0000,0x00000000174a0000)]
  0x0000000015c4f000 JavaThread "C2 CompilerThread0" daemon [_thread_in_native, id=11644, stack(0x00000000172a0000,0x00000000173a0000)]
  0x0000000015c5c000 JavaThread "Attach Listener" daemon [_thread_blocked, id=8244, stack(0x00000000171a0000,0x00000000172a0000)]
  0x0000000015c5a800 JavaThread "Signal Dispatcher" daemon [_thread_blocked, id=10744, stack(0x00000000170a0000,0x00000000171a0000)]
  0x00000000022d6000 JavaThread "Finalizer" daemon [_thread_blocked, id=12212, stack(0x0000000016ea0000,0x0000000016fa0000)]
  0x0000000015c39000 JavaThread "Reference Handler" daemon [_thread_blocked, id=11224, stack(0x0000000016da0000,0x0000000016ea0000)]
  0x00000000007bd800 JavaThread "main" [_thread_blocked, id=10932, stack(0x00000000020b0000,0x00000000021b0000)]

Other Threads:
  0x0000000015c18800 VMThread [stack: 0x0000000016ca0000,0x0000000016da0000] [id=9472]
  0x00000000174d0800 WatcherThread [stack: 0x0000000017aa0000,0x0000000017ba0000] [id=12036]

VM state:synchronizing (normal execution)

VM Mutex/Monitor currently owned by a thread:  ([mutex/lock_event])
[0x00000000007bc860] Threads_lock - owner thread: 0x0000000015c18800

heap address: 0x00000000a0000000, size: 1536 MB, Compressed Oops mode: 32-bit
Narrow klass base: 0x0000000000000000, Narrow klass shift: 3
Compressed class space size: 1073741824 Address: 0x0000000100000000

Heap:
 PSYoungGen      total 119296K, used 89185K [0x00000000e0000000, 0x00000000eb000000, 0x0000000100000000)
  eden space 108544K, 82% used [0x00000000e0000000,0x00000000e5718728,0x00000000e6a00000)
  from space 10752K, 0% used [0x00000000e6a00000,0x00000000e6a00000,0x00000000e7480000)
  to   space 12288K, 0% used [0x00000000ea400000,0x00000000ea400000,0x00000000eb000000)
 ParOldGen       total 74752K, used 19283K [0x00000000a0000000, 0x00000000a4900000, 0x00000000e0000000)
  object space 74752K, 25% used [0x00000000a0000000,0x00000000a12d4ef8,0x00000000a4900000)
 Metaspace       used 42595K, capacity 43763K, committed 44032K, reserved 1087488K
  class space    used 5778K, capacity 6102K, committed 6144K, reserved 1048576K

Card table byte_map: [0x00000000116a0000,0x00000000119b0000] byte_map_base: 0x00000000111a0000

Marking Bits: (ParMarkBitMap*) 0x000000006bc39f30
 Begin Bits: [0x0000000011fb0000, 0x00000000137b0000)
 End Bits:   [0x00000000137b0000, 0x0000000014fb0000)

Polling page: 0x00000000003f0000

CodeCache: size=245760Kb used=13494Kb max_used=13494Kb free=232265Kb
 bounds [0x00000000022e0000, 0x0000000003020000, 0x00000000112e0000]
 total_blobs=4509 nmethods=3766 adapters=656
 compilation: enabled

Compilation events (10 events):
Event: 18.850 Thread 0x0000000015c4f000 4016       4       java.lang.reflect.Method::getGenericParameterTypes (5 bytes)
Event: 18.850 Thread 0x0000000015c52800 4017   !   4       com.sun.beans.TypeResolver::resolve (274 bytes)
Event: 18.865 Thread 0x0000000015c4f000 nmethod 4016 0x0000000003012810 code [0x00000000030129c0, 0x0000000003013178]
Event: 18.865 Thread 0x0000000015c4f000 4018       4       com.sun.beans.TypeResolver::resolve (37 bytes)
Event: 18.868 Thread 0x00000000174a0800 4020       3       java.beans.PropertyDescriptor::<init> (112 bytes)
Event: 18.869 Thread 0x00000000174a0800 nmethod 4020 0x0000000003014290 code [0x0000000003014460, 0x0000000003014be8]
Event: 18.869 Thread 0x00000000174a0800 4021   !   3       java.beans.PropertyDescriptor::updateGenericsFor (37 bytes)
Event: 18.870 Thread 0x00000000174a0800 nmethod 4021 0x0000000003017990 code [0x0000000003017c00, 0x0000000003018d78]
Event: 18.889 Thread 0x00000000174a0800 4022       3       java.util.TimSort::binarySort (223 bytes)
Event: 18.890 Thread 0x00000000174a0800 nmethod 4022 0x0000000003019610 code [0x00000000030197e0, 0x000000000301a1b8]

GC Heap History (10 events):
Event: 8.325 GC heap before
{Heap before GC invocations=7 (full 1):
 PSYoungGen      total 72192K, used 6818K [0x00000000e0000000, 0x00000000e5100000, 0x0000000100000000)
  eden space 62464K, 0% used [0x00000000e0000000,0x00000000e0000000,0x00000000e3d00000)
  from space 9728K, 70% used [0x00000000e4780000,0x00000000e4e28968,0x00000000e5100000)
  to   space 10240K, 0% used [0x00000000e3d00000,0x00000000e3d00000,0x00000000e4700000)
 ParOldGen       total 83456K, used 8692K [0x00000000a0000000, 0x00000000a5180000, 0x00000000e0000000)
  object space 83456K, 10% used [0x00000000a0000000,0x00000000a087d170,0x00000000a5180000)
 Metaspace       used 20679K, capacity 21128K, committed 21296K, reserved 1067008K
  class space    used 2908K, capacity 3089K, committed 3200K, reserved 1048576K
Event: 8.381 GC heap after
Heap after GC invocations=7 (full 1):
 PSYoungGen      total 72192K, used 0K [0x00000000e0000000, 0x00000000e5100000, 0x0000000100000000)
  eden space 62464K, 0% used [0x00000000e0000000,0x00000000e0000000,0x00000000e3d00000)
  from space 9728K, 0% used [0x00000000e4780000,0x00000000e4780000,0x00000000e5100000)
  to   space 10240K, 0% used [0x00000000e3d00000,0x00000000e3d00000,0x00000000e4700000)
 ParOldGen       total 50688K, used 8231K [0x00000000a0000000, 0x00000000a3180000, 0x00000000e0000000)
  object space 50688K, 16% used [0x00000000a0000000,0x00000000a0809f30,0x00000000a3180000)
 Metaspace       used 20679K, capacity 21128K, committed 21296K, reserved 1067008K
  class space    used 2908K, capacity 3089K, committed 3200K, reserved 1048576K
}
Event: 9.987 GC heap before
{Heap before GC invocations=8 (full 1):
 PSYoungGen      total 72192K, used 62464K [0x00000000e0000000, 0x00000000e5100000, 0x0000000100000000)
  eden space 62464K, 100% used [0x00000000e0000000,0x00000000e3d00000,0x00000000e3d00000)
  from space 9728K, 0% used [0x00000000e4780000,0x00000000e4780000,0x00000000e5100000)
  to   space 10240K, 0% used [0x00000000e3d00000,0x00000000e3d00000,0x00000000e4700000)
 ParOldGen       total 50688K, used 8231K [0x00000000a0000000, 0x00000000a3180000, 0x00000000e0000000)
  object space 50688K, 16% used [0x00000000a0000000,0x00000000a0809f30,0x00000000a3180000)
 Metaspace       used 26604K, capacity 26994K, committed 27264K, reserved 1073152K
  class space    used 3710K, capacity 3868K, committed 3968K, reserved 1048576K
Event: 9.997 GC heap after
Heap after GC invocations=8 (full 1):
 PSYoungGen      total 72704K, used 6248K [0x00000000e0000000, 0x00000000e7f80000, 0x0000000100000000)
  eden space 62464K, 0% used [0x00000000e0000000,0x00000000e0000000,0x00000000e3d00000)
  from space 10240K, 61% used [0x00000000e3d00000,0x00000000e431a3a0,0x00000000e4700000)
  to   space 9728K, 0% used [0x00000000e7600000,0x00000000e7600000,0x00000000e7f80000)
 ParOldGen       total 50688K, used 8239K [0x00000000a0000000, 0x00000000a3180000, 0x00000000e0000000)
  object space 50688K, 16% used [0x00000000a0000000,0x00000000a080bf30,0x00000000a3180000)
 Metaspace       used 26604K, capacity 26994K, committed 27264K, reserved 1073152K
  class space    used 3710K, capacity 3868K, committed 3968K, reserved 1048576K
}
Event: 13.300 GC heap before
{Heap before GC invocations=9 (full 1):
 PSYoungGen      total 72704K, used 68712K [0x00000000e0000000, 0x00000000e7f80000, 0x0000000100000000)
  eden space 62464K, 100% used [0x00000000e0000000,0x00000000e3d00000,0x00000000e3d00000)
  from space 10240K, 61% used [0x00000000e3d00000,0x00000000e431a3a0,0x00000000e4700000)
  to   space 9728K, 0% used [0x00000000e7600000,0x00000000e7600000,0x00000000e7f80000)
 ParOldGen       total 50688K, used 8239K [0x00000000a0000000, 0x00000000a3180000, 0x00000000e0000000)
  object space 50688K, 16% used [0x00000000a0000000,0x00000000a080bf30,0x00000000a3180000)
 Metaspace       used 30274K, capacity 31056K, committed 31104K, reserved 1075200K
  class space    used 4229K, capacity 4439K, committed 4480K, reserved 1048576K
Event: 13.319 GC heap after
Heap after GC invocations=9 (full 1):
 PSYoungGen      total 117760K, used 9167K [0x00000000e0000000, 0x00000000e7f00000, 0x0000000100000000)
  eden space 108544K, 0% used [0x00000000e0000000,0x00000000e0000000,0x00000000e6a00000)
  from space 9216K, 99% used [0x00000000e7600000,0x00000000e7ef3ef8,0x00000000e7f00000)
  to   space 10752K, 0% used [0x00000000e6a00000,0x00000000e6a00000,0x00000000e7480000)
 ParOldGen       total 50688K, used 8247K [0x00000000a0000000, 0x00000000a3180000, 0x00000000e0000000)
  object space 50688K, 16% used [0x00000000a0000000,0x00000000a080df30,0x00000000a3180000)
 Metaspace       used 30274K, capacity 31056K, committed 31104K, reserved 1075200K
  class space    used 4229K, capacity 4439K, committed 4480K, reserved 1048576K
}
Event: 14.940 GC heap before
{Heap before GC invocations=10 (full 1):
 PSYoungGen      total 117760K, used 61773K [0x00000000e0000000, 0x00000000e7f00000, 0x0000000100000000)
  eden space 108544K, 48% used [0x00000000e0000000,0x00000000e335f7e0,0x00000000e6a00000)
  from space 9216K, 99% used [0x00000000e7600000,0x00000000e7ef3ef8,0x00000000e7f00000)
  to   space 10752K, 0% used [0x00000000e6a00000,0x00000000e6a00000,0x00000000e7480000)
 ParOldGen       total 50688K, used 8247K [0x00000000a0000000, 0x00000000a3180000, 0x00000000e0000000)
  object space 50688K, 16% used [0x00000000a0000000,0x00000000a080df30,0x00000000a3180000)
 Metaspace       used 34421K, capacity 35419K, committed 35496K, reserved 1079296K
  class space    used 4809K, capacity 5043K, committed 5120K, reserved 1048576K
Event: 14.960 GC heap after
Heap after GC invocations=10 (full 1):
 PSYoungGen      total 119296K, used 10744K [0x00000000e0000000, 0x00000000eb000000, 0x0000000100000000)
  eden space 108544K, 0% used [0x00000000e0000000,0x00000000e0000000,0x00000000e6a00000)
  from space 10752K, 99% used [0x00000000e6a00000,0x00000000e747e260,0x00000000e7480000)
  to   space 12288K, 0% used [0x00000000ea400000,0x00000000ea400000,0x00000000eb000000)
 ParOldGen       total 50688K, used 9695K [0x00000000a0000000, 0x00000000a3180000, 0x00000000e0000000)
  object space 50688K, 19% used [0x00000000a0000000,0x00000000a0977d90,0x00000000a3180000)
 Metaspace       used 34421K, capacity 35419K, committed 35496K, reserved 1079296K
  class space    used 4809K, capacity 5043K, committed 5120K, reserved 1048576K
}
Event: 14.960 GC heap before
{Heap before GC invocations=11 (full 2):
 PSYoungGen      total 119296K, used 10744K [0x00000000e0000000, 0x00000000eb000000, 0x0000000100000000)
  eden space 108544K, 0% used [0x00000000e0000000,0x00000000e0000000,0x00000000e6a00000)
  from space 10752K, 99% used [0x00000000e6a00000,0x00000000e747e260,0x00000000e7480000)
  to   space 12288K, 0% used [0x00000000ea400000,0x00000000ea400000,0x00000000eb000000)
 ParOldGen       total 50688K, used 9695K [0x00000000a0000000, 0x00000000a3180000, 0x00000000e0000000)
  object space 50688K, 19% used [0x00000000a0000000,0x00000000a0977d90,0x00000000a3180000)
 Metaspace       used 34421K, capacity 35419K, committed 35496K, reserved 1079296K
  class space    used 4809K, capacity 5043K, committed 5120K, reserved 1048576K
Event: 15.045 GC heap after
Heap after GC invocations=11 (full 2):
 PSYoungGen      total 119296K, used 0K [0x00000000e0000000, 0x00000000eb000000, 0x0000000100000000)
  eden space 108544K, 0% used [0x00000000e0000000,0x00000000e0000000,0x00000000e6a00000)
  from space 10752K, 0% used [0x00000000e6a00000,0x00000000e6a00000,0x00000000e7480000)
  to   space 12288K, 0% used [0x00000000ea400000,0x00000000ea400000,0x00000000eb000000)
 ParOldGen       total 74752K, used 19283K [0x00000000a0000000, 0x00000000a4900000, 0x00000000e0000000)
  object space 74752K, 25% used [0x00000000a0000000,0x00000000a12d4ef8,0x00000000a4900000)
 Metaspace       used 34421K, capacity 35419K, committed 35496K, reserved 1079296K
  class space    used 4809K, capacity 5043K, committed 5120K, reserved 1048576K
}

Deoptimization events (10 events):
Event: 16.078 Thread 0x0000000017bda000 Uncommon trap: reason=unstable_if action=reinterpret pc=0x000000000286b860 method=java.util.jar.JarFile.maybeInstantiateVerifier()V @ 4
Event: 16.078 Thread 0x0000000017bda000 Uncommon trap: reason=unstable_if action=reinterpret pc=0x00000000027736b0 method=java.security.CodeSource.<init>(Ljava/net/URL;[Ljava/security/CodeSigner;)V @ 25
Event: 16.081 Thread 0x0000000017bda000 Uncommon trap: reason=unstable_if action=reinterpret pc=0x000000000286252c method=java.security.CodeSource.getCertificates()[Ljava/security/cert/Certificate; @ 22
Event: 16.081 Thread 0x0000000017bda000 Uncommon trap: reason=unstable_if action=reinterpret pc=0x0000000002c5ad24 method=java.util.jar.JarFile.maybeInstantiateVerifier()V @ 4
Event: 16.082 Thread 0x0000000017bda000 Uncommon trap: reason=unstable_if action=reinterpret pc=0x000000000249de58 method=java.util.jar.JarFile.maybeInstantiateVerifier()V @ 4
Event: 16.082 Thread 0x0000000017bda000 Uncommon trap: reason=unstable_if action=reinterpret pc=0x0000000002843758 method=java.security.CodeSource.matchCerts(Ljava/security/CodeSource;Z)Z @ 11
Event: 16.127 Thread 0x0000000017bda000 Uncommon trap: reason=unstable_if action=reinterpret pc=0x0000000002d9d2d4 method=java.util.LinkedHashMap.get(Ljava/lang/Object;)Ljava/lang/Object; @ 20
Event: 16.305 Thread 0x0000000017bda000 Uncommon trap: reason=unstable_if action=reinterpret pc=0x000000000246efa4 method=org.objectweb.asm.ByteVector.putUTF8(Ljava/lang/String;)Lorg/objectweb/asm/ByteVector; @ 91
Event: 16.540 Thread 0x0000000017bda000 Uncommon trap: reason=unstable_if action=reinterpret pc=0x0000000002a28270 method=org.objectweb.asm.ByteVector.putUTF8(Ljava/lang/String;)Lorg/objectweb/asm/ByteVector; @ 91
Event: 18.412 Thread 0x0000000017bda000 Uncommon trap: reason=unstable_if action=reinterpret pc=0x0000000002e3914c method=groovy.lang.MetaClassImpl.filterPropertyMethod(Ljava/lang/Object;ZZ)Ljava/lang/Object; @ 72

Classes redefined (0 events):
No events

Internal exceptions (10 events):
Event: 18.798 Thread 0x0000000017bda000 Exception <a 'java/lang/ClassNotFoundException': com/android/build/gradle/internal/dsl/BaseAppModuleExtensionCustomizer> (0x00000000e5279930) thrown at [D:\src\AOSP-openjdk-cygwin\jdk8u\hotspot\src\share\vm\classfile\systemDictionary.cpp, line 210]
Event: 18.801 Thread 0x0000000017bda000 Exception <a 'java/lang/ClassNotFoundException': com/android/build/gradle/internal/dsl/BaseAppModuleExtension_DecoratedCustomizer> (0x00000000e52b47b8) thrown at [D:\src\AOSP-openjdk-cygwin\jdk8u\hotspot\src\share\vm\classfile\systemDictionary.cpp, line 2
Event: 18.846 Thread 0x0000000017bda000 Exception <a 'java/lang/ClassNotFoundException': com/android/build/gradle/internal/dsl/DefaultConfig_DecoratedBeanInfo> (0x00000000e5403218) thrown at [D:\src\AOSP-openjdk-cygwin\jdk8u\hotspot\src\share\vm\classfile\systemDictionary.cpp, line 210]
Event: 18.847 Thread 0x0000000017bda000 Exception <a 'java/lang/ClassNotFoundException': com/android/build/gradle/internal/dsl/DefaultConfigBeanInfo> (0x00000000e541c7a0) thrown at [D:\src\AOSP-openjdk-cygwin\jdk8u\hotspot\src\share\vm\classfile\systemDictionary.cpp, line 210]
Event: 18.848 Thread 0x0000000017bda000 Exception <a 'java/lang/ClassNotFoundException': com/android/build/gradle/internal/dsl/BaseFlavorBeanInfo> (0x00000000e5434cf8) thrown at [D:\src\AOSP-openjdk-cygwin\jdk8u\hotspot\src\share\vm\classfile\systemDictionary.cpp, line 210]
Event: 18.848 Thread 0x0000000017bda000 Exception <a 'java/lang/ClassNotFoundException': com/android/builder/core/DefaultProductFlavorBeanInfo> (0x00000000e544c798) thrown at [D:\src\AOSP-openjdk-cygwin\jdk8u\hotspot\src\share\vm\classfile\systemDictionary.cpp, line 210]
Event: 18.849 Thread 0x0000000017bda000 Exception <a 'java/lang/ClassNotFoundException': com/android/builder/core/DefaultProductFlavorCustomizer> (0x00000000e5464770) thrown at [D:\src\AOSP-openjdk-cygwin\jdk8u\hotspot\src\share\vm\classfile\systemDictionary.cpp, line 210]
Event: 18.852 Thread 0x0000000017bda000 Exception <a 'java/lang/ClassNotFoundException': com/android/build/gradle/internal/dsl/BaseFlavorCustomizer> (0x00000000e54b2bf0) thrown at [D:\src\AOSP-openjdk-cygwin\jdk8u\hotspot\src\share\vm\classfile\systemDictionary.cpp, line 210]
Event: 18.864 Thread 0x0000000017bda000 Exception <a 'java/lang/ClassNotFoundException': com/android/build/gradle/internal/dsl/DefaultConfigCustomizer> (0x00000000e550d508) thrown at [D:\src\AOSP-openjdk-cygwin\jdk8u\hotspot\src\share\vm\classfile\systemDictionary.cpp, line 210]
Event: 18.866 Thread 0x0000000017bda000 Exception <a 'java/lang/ClassNotFoundException': com/android/build/gradle/internal/dsl/DefaultConfig_DecoratedCustomizer> (0x00000000e553b320) thrown at [D:\src\AOSP-openjdk-cygwin\jdk8u\hotspot\src\share\vm\classfile\systemDictionary.cpp, line 210]

Events (10 events):
Event: 18.866 loading class com/android/build/gradle/internal/dsl/DefaultConfig_DecoratedCustomizer
Event: 18.866 loading class com/android/build/gradle/internal/dsl/DefaultConfig_DecoratedCustomizer done
Event: 18.891 loading class com/android/builder/core/DefaultApiVersion
Event: 18.891 loading class com/android/builder/core/DefaultApiVersion done
Event: 18.917 loading class groovy/runtime/metaclass/build_2b8s0r28dgo51w1diidn5lzm8$_run_closure2MetaClass
Event: 18.917 loading class groovy/runtime/metaclass/build_2b8s0r28dgo51w1diidn5lzm8$_run_closure2MetaClass done
Event: 18.918 loading class org/gradle/api/internal/file/collections/DefaultConfigurableFileTree
Event: 18.918 loading class org/gradle/api/internal/file/collections/DefaultConfigurableFileTree done
Event: 18.932 loading class org/gradle/api/internal/file/CompositeFileTree
Event: 18.932 loading class org/gradle/api/internal/file/CompositeFileTree done


Dynamic libraries:
0x00007ff6737d0000 - 0x00007ff673801000 	C:\Program Files\Android\Android Studio\jre\bin\java.exe
0x00007ffe42c00000 - 0x00007ffe42df0000 	C:\WINDOWS\SYSTEM32\ntdll.dll
0x00007ffe14950000 - 0x00007ffe14964000 	C:\Program Files\AVAST Software\Avast\aswhook.dll
0x00007ffe42550000 - 0x00007ffe42602000 	C:\WINDOWS\System32\KERNEL32.DLL
0x00007ffe40860000 - 0x00007ffe40b03000 	C:\WINDOWS\System32\KERNELBASE.dll
0x00007ffe42aa0000 - 0x00007ffe42b43000 	C:\WINDOWS\System32\ADVAPI32.dll
0x00007ffe42450000 - 0x00007ffe424ee000 	C:\WINDOWS\System32\msvcrt.dll
0x00007ffe42000000 - 0x00007ffe42097000 	C:\WINDOWS\System32\sechost.dll
0x00007ffe414d0000 - 0x00007ffe415f0000 	C:\WINDOWS\System32\RPCRT4.dll
0x00007ffe41020000 - 0x00007ffe411b4000 	C:\WINDOWS\System32\USER32.dll
0x00007ffe40730000 - 0x00007ffe40751000 	C:\WINDOWS\System32\win32u.dll
0x00007ffe41750000 - 0x00007ffe41776000 	C:\WINDOWS\System32\GDI32.dll
0x00007ffe40b10000 - 0x00007ffe40ca4000 	C:\WINDOWS\System32\gdi32full.dll
0x00007ffe3fc10000 - 0x00007ffe3fcae000 	C:\WINDOWS\System32\msvcp_win.dll
0x00007ffe40490000 - 0x00007ffe4058a000 	C:\WINDOWS\System32\ucrtbase.dll
0x00007ffe31a40000 - 0x00007ffe31cc5000 	C:\WINDOWS\WinSxS\amd64_microsoft.windows.common-controls_6595b64144ccf1df_6.0.18362.476_none_e6c4b11b130f2595\COMCTL32.dll
0x00007ffe420a0000 - 0x00007ffe423d6000 	C:\WINDOWS\System32\combase.dll
0x00007ffe3fb90000 - 0x00007ffe3fc10000 	C:\WINDOWS\System32\bcryptPrimitives.dll
0x00007ffe414a0000 - 0x00007ffe414ce000 	C:\WINDOWS\System32\IMM32.DLL
0x000000006b2b0000 - 0x000000006b382000 	C:\Program Files\Android\Android Studio\jre\jre\bin\msvcr100.dll
0x000000006b470000 - 0x000000006bcb6000 	C:\Program Files\Android\Android Studio\jre\jre\bin\server\jvm.dll
0x00007ffe40cb0000 - 0x00007ffe40cb8000 	C:\WINDOWS\System32\PSAPI.DLL
0x00007ffe31fa0000 - 0x00007ffe31fa9000 	C:\WINDOWS\SYSTEM32\WSOCK32.dll
0x00007ffe423e0000 - 0x00007ffe4244f000 	C:\WINDOWS\System32\WS2_32.dll
0x00007ffe3db40000 - 0x00007ffe3db64000 	C:\WINDOWS\SYSTEM32\WINMM.dll
0x00007ffe36eb0000 - 0x00007ffe36eba000 	C:\WINDOWS\SYSTEM32\VERSION.dll
0x00007ffe3db10000 - 0x00007ffe3db3d000 	C:\WINDOWS\SYSTEM32\WINMMBASE.dll
0x00007ffe40810000 - 0x00007ffe4085a000 	C:\WINDOWS\System32\cfgmgr32.dll
0x00007ffe3a040000 - 0x00007ffe3a04f000 	C:\Program Files\Android\Android Studio\jre\jre\bin\verify.dll
0x00007ffe26200000 - 0x00007ffe26229000 	C:\Program Files\Android\Android Studio\jre\jre\bin\java.dll
0x00007ffe30a80000 - 0x00007ffe30a96000 	C:\Program Files\Android\Android Studio\jre\jre\bin\zip.dll
0x00007ffe41780000 - 0x00007ffe41e65000 	C:\WINDOWS\System32\SHELL32.dll
0x00007ffe40cd0000 - 0x00007ffe40d79000 	C:\WINDOWS\System32\shcore.dll
0x00007ffe3fd10000 - 0x00007ffe4048e000 	C:\WINDOWS\System32\windows.storage.dll
0x00007ffe3fae0000 - 0x00007ffe3faff000 	C:\WINDOWS\System32\profapi.dll
0x00007ffe3fb20000 - 0x00007ffe3fb6a000 	C:\WINDOWS\System32\powrprof.dll
0x00007ffe3fad0000 - 0x00007ffe3fae0000 	C:\WINDOWS\System32\UMPDC.dll
0x00007ffe424f0000 - 0x00007ffe42542000 	C:\WINDOWS\System32\shlwapi.dll
0x00007ffe3fb00000 - 0x00007ffe3fb11000 	C:\WINDOWS\System32\kernel.appcore.dll
0x00007ffe406e0000 - 0x00007ffe406f7000 	C:\WINDOWS\System32\cryptsp.dll
0x00007ffe2ea10000 - 0x00007ffe2ea2a000 	C:\Program Files\Android\Android Studio\jre\jre\bin\net.dll
0x00007ffe3f340000 - 0x00007ffe3f3a7000 	C:\WINDOWS\system32\mswsock.dll
0x00007ffe28310000 - 0x00007ffe28321000 	C:\Program Files\Android\Android Studio\jre\jre\bin\nio.dll
0x00007ffe3a340000 - 0x00007ffe3a35e000 	C:\Users\Lenovo\.gradle\native\25\windows-amd64\native-platform.dll
0x00007ffe35510000 - 0x00007ffe3551d000 	C:\Program Files\Android\Android Studio\jre\jre\bin\management.dll
0x00007ffe3eeb0000 - 0x00007ffe3eee3000 	C:\WINDOWS\system32\rsaenh.dll
0x00007ffe40700000 - 0x00007ffe40726000 	C:\WINDOWS\System32\bcrypt.dll
0x00007ffe3f9c0000 - 0x00007ffe3f9e5000 	C:\WINDOWS\SYSTEM32\USERENV.dll
0x00007ffe3f510000 - 0x00007ffe3f51c000 	C:\WINDOWS\SYSTEM32\CRYPTBASE.dll
0x00007ffe3f050000 - 0x00007ffe3f08a000 	C:\WINDOWS\SYSTEM32\IPHLPAPI.DLL
0x00007ffe41f20000 - 0x00007ffe41f28000 	C:\WINDOWS\System32\NSI.dll
0x00007ffe36040000 - 0x00007ffe36056000 	C:\WINDOWS\SYSTEM32\dhcpcsvc6.DLL
0x00007ffe36210000 - 0x00007ffe3622c000 	C:\WINDOWS\SYSTEM32\dhcpcsvc.DLL
0x00007ffe3f090000 - 0x00007ffe3f15a000 	C:\WINDOWS\SYSTEM32\DNSAPI.dll

VM Arguments:
jvm_args: -Xmx1536m -Dfile.encoding=windows-1252 -Duser.country=IN -Duser.language=en -Duser.variant 
java_command: org.gradle.launcher.daemon.bootstrap.GradleDaemon 4.10.1
java_class_path (initial): C:\Users\Lenovo\.gradle\wrapper\dists\gradle-4.10.1-all\455itskqi2qtf0v2sja68alqd\gradle-4.10.1\lib\gradle-launcher-4.10.1.jar
Launcher Type: SUN_STANDARD

Environment Variables:
PATH="C:\Program Files (x86)\Common Files\Oracle\Java\javapath;C:\Program Files\Git\cmd";C:\Program Files\Java\jdk-12.0.2;C:\WINDOWS\system32;C:\WINDOWS;C:\WINDOWS\System32\Wbem;C:\WINDOWS\System32\WindowsPowerShell\v1.0\;C:\WINDOWS\System32\OpenSSH\;C:\Program Files\Git\bin\;C:\Program Files\Git\cmd\;C:\Users\Lenovo\AppData\Local\Microsoft\WindowsApps;
USERNAME=Lenovo
OS=Windows_NT
PROCESSOR_IDENTIFIER=Intel64 Family 6 Model 58 Stepping 9, GenuineIntel



---------------  S Y S T E M  ---------------

OS: Windows 10.0 , 64 bit Build 18362 (10.0.18362.329)

CPU:total 4 (initial active 4) (2 cores per cpu, 2 threads per core) family 6 model 58 stepping 9, cmov, cx8, fxsr, mmx, sse, sse2, sse3, ssse3, sse4.1, sse4.2, popcnt, avx, aes, clmul, erms, ht, tsc, tscinvbit, tscinv

Memory: 4k page, physical 7954288k(506224k free), swap 24636448k(5440k free)

vm_info: OpenJDK 64-Bit Server VM (25.202-b03) for windows-amd64 JRE (1.8.0_202-release-1483-b03), built by "builder" with MS VC++ 10.0 (VS2010)

time: Thu Nov 28 16:52:55 2019
timezone: India Standard Time
elapsed time: 19 seconds (0d 0h 0m 19s)

