#
# There is insufficient memory for the Java Runtime Environment to continue.
# Native memory allocation (malloc) failed to allocate 65552 bytes for Chunk::new
# Possible reasons:
#   The system is out of physical RAM or swap space
#   The process is running with CompressedOops enabled, and the Java Heap may be blocking the growth of the native heap
# Possible solutions:
#   Reduce memory load on the system
#   Increase physical memory or swap space
#   Check if swap backing store is full
#   Decrease Java heap size (-Xmx/-Xms)
#   Decrease number of Java threads
#   Decrease Java thread stack sizes (-Xss)
#   Set larger code cache with -XX:ReservedCodeCacheSize=
#   JVM is running with Unscaled Compressed Oops mode in which the Java heap is
#     placed in the first 4GB address space. The Java Heap base address is the
#     maximum limit for the native heap growth. Please use -XX:HeapBaseMinAddress
#     to set the Java Heap base and to place the Java Heap above 4GB virtual address.
# This output file may be truncated or incomplete.
#
#  Out of Memory Error (allocation.cpp:389), pid=5880, tid=0x0000000000000504
#
# JRE version: OpenJDK Runtime Environment (8.0_202-b03) (build 1.8.0_202-release-1483-b03)
# Java VM: OpenJDK 64-Bit Server VM (25.202-b03 mixed mode windows-amd64 compressed oops)
# Failed to write core dump. Minidumps are not enabled by default on client versions of Windows
#

---------------  T H R E A D  ---------------

Current thread (0x0000000016048800):  JavaThread "C2 CompilerThread0" daemon [_thread_in_native, id=1284, stack(0x0000000017690000,0x0000000017790000)]

Stack: [0x0000000017690000,0x0000000017790000]
[error occurred during error reporting (printing stack bounds), id 0xc0000005]

Native frames: (J=compiled Java code, j=interpreted, Vv=VM code, C=native code)


Current CompileTask:
C2:  14432 3639   !   4       java.util.jar.Attributes::read (380 bytes)


---------------  P R O C E S S  ---------------

Java Threads: ( => current thread )
  0x000000001d9c3800 JavaThread "Build operations Thread 4" [_thread_blocked, id=5668, stack(0x00000000202d0000,0x00000000203d0000)]
  0x000000001d9bf000 JavaThread "Build operations Thread 3" [_thread_blocked, id=12888, stack(0x00000000201d0000,0x00000000202d0000)]
  0x000000001ad31800 JavaThread "Build operations Thread 2" [_thread_blocked, id=12824, stack(0x000000001fe70000,0x000000001ff70000)]
  0x000000001ad37800 JavaThread "Build operations" [_thread_blocked, id=5024, stack(0x000000001fd70000,0x000000001fe70000)]
  0x000000001ad36000 JavaThread "Cache worker for Artifact transforms cache (C:\Users\Lenovo\.gradle\caches\transforms-1)" [_thread_blocked, id=11136, stack(0x000000001f870000,0x000000001f970000)]
  0x000000001ad35000 JavaThread "Cache worker for cache directory md-rule (C:\Users\Lenovo\.gradle\caches\4.10.1\md-rule)" [_thread_blocked, id=9576, stack(0x000000001f770000,0x000000001f870000)]
  0x000000001ad36800 JavaThread "Cache worker for cache directory md-supplier (C:\Users\Lenovo\.gradle\caches\4.10.1\md-supplier)" [_thread_blocked, id=9620, stack(0x000000001f670000,0x000000001f770000)]
  0x000000001ad33000 JavaThread "Cache worker for journal cache (C:\Users\Lenovo\.gradle\caches\journal-1)" [_thread_blocked, id=11800, stack(0x000000001f570000,0x000000001f670000)]
  0x000000001ad32000 JavaThread "Cache worker for file hash cache (E:\SellerHub\farmpe-sellerhub\.gradle\4.10.1\fileHashes)" [_thread_blocked, id=11672, stack(0x000000001ca80000,0x000000001cb80000)]
  0x00000000181b3800 JavaThread "File lock request listener" [_thread_in_native, id=2568, stack(0x000000001cbe0000,0x000000001cce0000)]
  0x00000000181b4800 JavaThread "Cache worker for file hash cache (C:\Users\Lenovo\.gradle\caches\4.10.1\fileHashes)" [_thread_blocked, id=6352, stack(0x000000001c980000,0x000000001ca80000)]
  0x00000000192d7000 JavaThread "Stdin handler" [_thread_blocked, id=7544, stack(0x000000001a6e0000,0x000000001a7e0000)]
  0x00000000192d6000 JavaThread "Asynchronous log dispatcher for DefaultDaemonConnection: socket connection from /127.0.0.1:53141 to /127.0.0.1:53142" [_thread_blocked, id=8216, stack(0x000000001a5e0000,0x000000001a6e0000)]
  0x00000000192de800 JavaThread "Daemon worker" [_thread_in_Java, id=9092, stack(0x000000001a4e0000,0x000000001a5e0000)]
  0x00000000192e9800 JavaThread "Cancel handler" [_thread_blocked, id=12760, stack(0x000000001a3e0000,0x000000001a4e0000)]
  0x0000000018071000 JavaThread "Handler for socket connection from /127.0.0.1:53141 to /127.0.0.1:53142" [_thread_in_native, id=8488, stack(0x000000001a0e0000,0x000000001a1e0000)]
  0x0000000018070800 JavaThread "Daemon" [_thread_blocked, id=10908, stack(0x0000000019fe0000,0x000000001a0e0000)]
  0x0000000017ba3000 JavaThread "Daemon periodic checks" [_thread_blocked, id=10936, stack(0x0000000019ee0000,0x0000000019fe0000)]
  0x00000000180ee000 JavaThread "Incoming local TCP Connector on port 53141" [_thread_in_native, id=2292, stack(0x0000000019ca0000,0x0000000019da0000)]
  0x00000000179b9000 JavaThread "Service Thread" daemon [_thread_blocked, id=11124, stack(0x0000000017d90000,0x0000000017e90000)]
  0x0000000016043000 JavaThread "C1 CompilerThread2" daemon [_thread_blocked, id=920, stack(0x0000000017890000,0x0000000017990000)]
  0x000000001603c000 JavaThread "C2 CompilerThread1" daemon [_thread_blocked, id=12220, stack(0x0000000017790000,0x0000000017890000)]
=>0x0000000016048800 JavaThread "C2 CompilerThread0" daemon [_thread_in_native, id=1284, stack(0x0000000017690000,0x0000000017790000)]
  0x0000000016047000 JavaThread "Attach Listener" daemon [_thread_blocked, id=13256, stack(0x0000000017590000,0x0000000017690000)]
  0x0000000016045800 JavaThread "Signal Dispatcher" daemon [_thread_blocked, id=7356, stack(0x0000000017490000,0x0000000017590000)]
  0x000000000268b000 JavaThread "Finalizer" daemon [_thread_blocked, id=13120, stack(0x0000000017290000,0x0000000017390000)]
  0x0000000016029000 JavaThread "Reference Handler" daemon [_thread_blocked, id=12972, stack(0x0000000017190000,0x0000000017290000)]
  0x00000000026cd800 JavaThread "main" [_thread_blocked, id=7596, stack(0x0000000000c70000,0x0000000000d70000)]

Other Threads:
  0x0000000016008800 VMThread [stack: 0x0000000017090000,0x0000000017190000] [id=948]
  0x00000000179d2800 WatcherThread [stack: 0x0000000017e90000,0x0000000017f90000] [id=12512]

VM state:not at safepoint (normal execution)

VM Mutex/Monitor currently owned by a thread: None

heap address: 0x00000000a0000000, size: 1536 MB, Compressed Oops mode: 32-bit
Narrow klass base: 0x0000000000000000, Narrow klass shift: 3
Compressed class space size: 1073741824 Address: 0x0000000100000000

Heap:
 PSYoungGen      total 113152K, used 34581K [0x00000000e0000000, 0x00000000e9e00000, 0x0000000100000000)
  eden space 102400K, 33% used [0x00000000e0000000,0x00000000e21c5488,0x00000000e6400000)
  from space 10752K, 0% used [0x00000000e6400000,0x00000000e6400000,0x00000000e6e80000)
  to   space 12288K, 0% used [0x00000000e9200000,0x00000000e9200000,0x00000000e9e00000)
 ParOldGen       total 82432K, used 19271K [0x00000000a0000000, 0x00000000a5080000, 0x00000000e0000000)
  object space 82432K, 23% used [0x00000000a0000000,0x00000000a12d1fe0,0x00000000a5080000)
 Metaspace       used 39230K, capacity 40258K, committed 40576K, reserved 1085440K
  class space    used 5376K, capacity 5648K, committed 5760K, reserved 1048576K

Card table byte_map: [0x0000000011a90000,0x0000000011da0000] byte_map_base: 0x0000000011590000

Marking Bits: (ParMarkBitMap*) 0x000000006bc39f30
 Begin Bits: [0x00000000123a0000, 0x0000000013ba0000)
 End Bits:   [0x0000000013ba0000, 0x00000000153a0000)

Polling page: 0x0000000000b20000

CodeCache: size=245760Kb used=12128Kb max_used=12128Kb free=233631Kb
 bounds [0x00000000026d0000, 0x00000000032c0000, 0x00000000116d0000]
 total_blobs=4143 nmethods=3416 adapters=640
 compilation: enabled

Compilation events (10 events):
Event: 14.415 Thread 0x0000000016043000 nmethod 3647 0x00000000032abfd0 code [0x00000000032ac140, 0x00000000032ac4b0]
Event: 14.422 Thread 0x000000001603c000 nmethod 3642 0x00000000032aae10 code [0x00000000032aaf80, 0x00000000032ab4b8]
Event: 14.423 Thread 0x0000000016043000 3649       3       java.util.regex.Pattern::compile (406 bytes)
Event: 14.426 Thread 0x0000000016043000 nmethod 3649 0x00000000032b2850 code [0x00000000032b2c00, 0x00000000032b4e48]
Event: 14.426 Thread 0x0000000016043000 3650       3       java.lang.CharacterDataLatin1::isWhitespace (23 bytes)
Event: 14.426 Thread 0x0000000016043000 nmethod 3650 0x00000000032b2350 code [0x00000000032b24c0, 0x00000000032b2710]
Event: 14.426 Thread 0x0000000016043000 3652       1       java.util.Collections::emptyMap (4 bytes)
Event: 14.426 Thread 0x0000000016043000 nmethod 3652 0x00000000032b20d0 code [0x00000000032b2220, 0x00000000032b2310]
Event: 14.426 Thread 0x0000000016043000 3651       3       sun.security.util.DerValue::isPrintableStringChar (184 bytes)
Event: 14.426 Thread 0x0000000016043000 nmethod 3651 0x00000000032b1c10 code [0x00000000032b1d80, 0x00000000032b2070]

GC Heap History (10 events):
Event: 6.089 GC heap before
{Heap before GC invocations=7 (full 1):
 PSYoungGen      total 72192K, used 6733K [0x00000000e0000000, 0x00000000e5100000, 0x0000000100000000)
  eden space 62464K, 0% used [0x00000000e0000000,0x00000000e0000000,0x00000000e3d00000)
  from space 9728K, 69% used [0x00000000e4780000,0x00000000e4e13758,0x00000000e5100000)
  to   space 10240K, 0% used [0x00000000e3d00000,0x00000000e3d00000,0x00000000e4700000)
 ParOldGen       total 83456K, used 8830K [0x00000000a0000000, 0x00000000a5180000, 0x00000000e0000000)
  object space 83456K, 10% used [0x00000000a0000000,0x00000000a089f898,0x00000000a5180000)
 Metaspace       used 20684K, capacity 21128K, committed 21296K, reserved 1067008K
  class space    used 2909K, capacity 3089K, committed 3200K, reserved 1048576K
Event: 6.154 GC heap after
Heap after GC invocations=7 (full 1):
 PSYoungGen      total 72192K, used 0K [0x00000000e0000000, 0x00000000e5100000, 0x0000000100000000)
  eden space 62464K, 0% used [0x00000000e0000000,0x00000000e0000000,0x00000000e3d00000)
  from space 9728K, 0% used [0x00000000e4780000,0x00000000e4780000,0x00000000e5100000)
  to   space 10240K, 0% used [0x00000000e3d00000,0x00000000e3d00000,0x00000000e4700000)
 ParOldGen       total 53760K, used 8182K [0x00000000a0000000, 0x00000000a3480000, 0x00000000e0000000)
  object space 53760K, 15% used [0x00000000a0000000,0x00000000a07fda00,0x00000000a3480000)
 Metaspace       used 20684K, capacity 21128K, committed 21296K, reserved 1067008K
  class space    used 2909K, capacity 3089K, committed 3200K, reserved 1048576K
}
Event: 7.666 GC heap before
{Heap before GC invocations=8 (full 1):
 PSYoungGen      total 72192K, used 62464K [0x00000000e0000000, 0x00000000e5100000, 0x0000000100000000)
  eden space 62464K, 100% used [0x00000000e0000000,0x00000000e3d00000,0x00000000e3d00000)
  from space 9728K, 0% used [0x00000000e4780000,0x00000000e4780000,0x00000000e5100000)
  to   space 10240K, 0% used [0x00000000e3d00000,0x00000000e3d00000,0x00000000e4700000)
 ParOldGen       total 53760K, used 8182K [0x00000000a0000000, 0x00000000a3480000, 0x00000000e0000000)
  object space 53760K, 15% used [0x00000000a0000000,0x00000000a07fda00,0x00000000a3480000)
 Metaspace       used 26592K, capacity 26994K, committed 27264K, reserved 1073152K
  class space    used 3709K, capacity 3868K, committed 3968K, reserved 1048576K
Event: 7.675 GC heap after
Heap after GC invocations=8 (full 1):
 PSYoungGen      total 72704K, used 6230K [0x00000000e0000000, 0x00000000e7900000, 0x0000000100000000)
  eden space 62464K, 0% used [0x00000000e0000000,0x00000000e0000000,0x00000000e3d00000)
  from space 10240K, 60% used [0x00000000e3d00000,0x00000000e4315bb0,0x00000000e4700000)
  to   space 9728K, 0% used [0x00000000e6f80000,0x00000000e6f80000,0x00000000e7900000)
 ParOldGen       total 53760K, used 8190K [0x00000000a0000000, 0x00000000a3480000, 0x00000000e0000000)
  object space 53760K, 15% used [0x00000000a0000000,0x00000000a07ffa00,0x00000000a3480000)
 Metaspace       used 26592K, capacity 26994K, committed 27264K, reserved 1073152K
  class space    used 3709K, capacity 3868K, committed 3968K, reserved 1048576K
}
Event: 11.342 GC heap before
{Heap before GC invocations=9 (full 1):
 PSYoungGen      total 72704K, used 68694K [0x00000000e0000000, 0x00000000e7900000, 0x0000000100000000)
  eden space 62464K, 100% used [0x00000000e0000000,0x00000000e3d00000,0x00000000e3d00000)
  from space 10240K, 60% used [0x00000000e3d00000,0x00000000e4315bb0,0x00000000e4700000)
  to   space 9728K, 0% used [0x00000000e6f80000,0x00000000e6f80000,0x00000000e7900000)
 ParOldGen       total 53760K, used 8190K [0x00000000a0000000, 0x00000000a3480000, 0x00000000e0000000)
  object space 53760K, 15% used [0x00000000a0000000,0x00000000a07ffa00,0x00000000a3480000)
 Metaspace       used 30256K, capacity 31056K, committed 31104K, reserved 1075200K
  class space    used 4227K, capacity 4439K, committed 4480K, reserved 1048576K
Event: 11.358 GC heap after
Heap after GC invocations=9 (full 1):
 PSYoungGen      total 111104K, used 9275K [0x00000000e0000000, 0x00000000e7900000, 0x0000000100000000)
  eden space 101376K, 0% used [0x00000000e0000000,0x00000000e0000000,0x00000000e6300000)
  from space 9728K, 95% used [0x00000000e6f80000,0x00000000e788efb0,0x00000000e7900000)
  to   space 10752K, 0% used [0x00000000e6400000,0x00000000e6400000,0x00000000e6e80000)
 ParOldGen       total 53760K, used 8198K [0x00000000a0000000, 0x00000000a3480000, 0x00000000e0000000)
  object space 53760K, 15% used [0x00000000a0000000,0x00000000a0801a00,0x00000000a3480000)
 Metaspace       used 30256K, capacity 31056K, committed 31104K, reserved 1075200K
  class space    used 4227K, capacity 4439K, committed 4480K, reserved 1048576K
}
Event: 13.201 GC heap before
{Heap before GC invocations=10 (full 1):
 PSYoungGen      total 111104K, used 61703K [0x00000000e0000000, 0x00000000e7900000, 0x0000000100000000)
  eden space 101376K, 51% used [0x00000000e0000000,0x00000000e3332d30,0x00000000e6300000)
  from space 9728K, 95% used [0x00000000e6f80000,0x00000000e788efb0,0x00000000e7900000)
  to   space 10752K, 0% used [0x00000000e6400000,0x00000000e6400000,0x00000000e6e80000)
 ParOldGen       total 53760K, used 8198K [0x00000000a0000000, 0x00000000a3480000, 0x00000000e0000000)
  object space 53760K, 15% used [0x00000000a0000000,0x00000000a0801a00,0x00000000a3480000)
 Metaspace       used 34440K, capacity 35362K, committed 35496K, reserved 1079296K
  class space    used 4811K, capacity 5046K, committed 5120K, reserved 1048576K
Event: 13.217 GC heap after
Heap after GC invocations=10 (full 1):
 PSYoungGen      total 113152K, used 10741K [0x00000000e0000000, 0x00000000e9e00000, 0x0000000100000000)
  eden space 102400K, 0% used [0x00000000e0000000,0x00000000e0000000,0x00000000e6400000)
  from space 10752K, 99% used [0x00000000e6400000,0x00000000e6e7d568,0x00000000e6e80000)
  to   space 12288K, 0% used [0x00000000e9200000,0x00000000e9200000,0x00000000e9e00000)
 ParOldGen       total 53760K, used 9623K [0x00000000a0000000, 0x00000000a3480000, 0x00000000e0000000)
  object space 53760K, 17% used [0x00000000a0000000,0x00000000a0965ef0,0x00000000a3480000)
 Metaspace       used 34440K, capacity 35362K, committed 35496K, reserved 1079296K
  class space    used 4811K, capacity 5046K, committed 5120K, reserved 1048576K
}
Event: 13.217 GC heap before
{Heap before GC invocations=11 (full 2):
 PSYoungGen      total 113152K, used 10741K [0x00000000e0000000, 0x00000000e9e00000, 0x0000000100000000)
  eden space 102400K, 0% used [0x00000000e0000000,0x00000000e0000000,0x00000000e6400000)
  from space 10752K, 99% used [0x00000000e6400000,0x00000000e6e7d568,0x00000000e6e80000)
  to   space 12288K, 0% used [0x00000000e9200000,0x00000000e9200000,0x00000000e9e00000)
 ParOldGen       total 53760K, used 9623K [0x00000000a0000000, 0x00000000a3480000, 0x00000000e0000000)
  object space 53760K, 17% used [0x00000000a0000000,0x00000000a0965ef0,0x00000000a3480000)
 Metaspace       used 34440K, capacity 35362K, committed 35496K, reserved 1079296K
  class space    used 4811K, capacity 5046K, committed 5120K, reserved 1048576K
Event: 13.313 GC heap after
Heap after GC invocations=11 (full 2):
 PSYoungGen      total 113152K, used 0K [0x00000000e0000000, 0x00000000e9e00000, 0x0000000100000000)
  eden space 102400K, 0% used [0x00000000e0000000,0x00000000e0000000,0x00000000e6400000)
  from space 10752K, 0% used [0x00000000e6400000,0x00000000e6400000,0x00000000e6e80000)
  to   space 12288K, 0% used [0x00000000e9200000,0x00000000e9200000,0x00000000e9e00000)
 ParOldGen       total 82432K, used 19271K [0x00000000a0000000, 0x00000000a5080000, 0x00000000e0000000)
  object space 82432K, 23% used [0x00000000a0000000,0x00000000a12d1fe0,0x00000000a5080000)
 Metaspace       used 34440K, capacity 35362K, committed 35496K, reserved 1079296K
  class space    used 4811K, capacity 5046K, committed 5120K, reserved 1048576K
}

Deoptimization events (10 events):
Event: 13.069 Thread 0x00000000192de800 Uncommon trap: reason=unstable_if action=reinterpret pc=0x00000000029278e4 method=java.lang.Integer.valueOf(I)Ljava/lang/Integer; @ 3
Event: 13.074 Thread 0x00000000192de800 Uncommon trap: reason=predicate action=maybe_recompile pc=0x0000000002f86760 method=java.util.Arrays.binarySearch0([Ljava/lang/Object;IILjava/lang/Object;Ljava/util/Comparator;)I @ 28
Event: 13.168 Thread 0x00000000192de800 Uncommon trap: reason=unstable_if action=reinterpret pc=0x0000000002ccb5a8 method=sun.misc.MetaIndex.mayContain(Ljava/lang/String;)Z @ 38
Event: 13.169 Thread 0x00000000192de800 Uncommon trap: reason=unstable_if action=reinterpret pc=0x000000000326ad24 method=java.security.CodeSource.hashCode()I @ 4
Event: 13.170 Thread 0x00000000192de800 Uncommon trap: reason=unstable_if action=reinterpret pc=0x000000000323508c method=java.security.CodeSource.hashCode()I @ 4
Event: 13.325 Thread 0x00000000192de800 Uncommon trap: reason=unstable_if action=reinterpret pc=0x0000000002fa12a4 method=java.util.regex.Pattern.has(I)Z @ 6
Event: 14.354 Thread 0x00000000192de800 Uncommon trap: reason=unstable_if action=reinterpret pc=0x0000000003076b04 method=java.util.jar.JarFile.maybeInstantiateVerifier()V @ 75
Event: 14.365 Thread 0x00000000192de800 Uncommon trap: reason=unstable_if action=reinterpret pc=0x00000000029486b0 method=java.lang.ThreadLocal.get()Ljava/lang/Object; @ 11
Event: 14.380 Thread 0x00000000192de800 Uncommon trap: reason=unstable_if action=reinterpret pc=0x000000000305343c method=java.util.HashMap.putVal(ILjava/lang/Object;Ljava/lang/Object;ZZ)Ljava/lang/Object; @ 236
Event: 14.416 Thread 0x00000000192de800 Uncommon trap: reason=unstable_if action=reinterpret pc=0x0000000002b5aa3c method=java.lang.CharacterDataLatin1.isWhitespace(I)Z @ 14

Classes redefined (0 events):
No events

Internal exceptions (10 events):
Event: 12.704 Thread 0x00000000192de800 Exception <a 'java/lang/ClassNotFoundException': org/gradle/api/tasks/Delete_DecoratedCustomizer> (0x00000000e28a5300) thrown at [D:\src\AOSP-openjdk-cygwin\jdk8u\hotspot\src\share\vm\classfile\systemDictionary.cpp, line 210]
Event: 12.804 Thread 0x00000000192de800 Exception <a 'java/lang/ClassNotFoundException': build_2b8s0r28dgo51w1diidn5lzm8BeanInfo> (0x00000000e29da968) thrown at [D:\src\AOSP-openjdk-cygwin\jdk8u\hotspot\src\share\vm\classfile\systemDictionary.cpp, line 210]
Event: 12.804 Thread 0x00000000192de800 Exception <a 'java/lang/ClassNotFoundException': build_2b8s0r28dgo51w1diidn5lzm8Customizer> (0x00000000e29e56a8) thrown at [D:\src\AOSP-openjdk-cygwin\jdk8u\hotspot\src\share\vm\classfile\systemDictionary.cpp, line 210]
Event: 13.169 Thread 0x00000000192de800 Implicit null exception at 0x0000000003269bb4 to 0x000000000326acc5
Event: 13.170 Thread 0x00000000192de800 Implicit null exception at 0x0000000003234d95 to 0x000000000323507d
Event: 14.075 Thread 0x00000000192de800 Exception <a 'sun/nio/fs/WindowsException'> (0x00000000e1411ff0) thrown at [D:\src\AOSP-openjdk-cygwin\jdk8u\hotspot\src\share\vm\prims\jni.cpp, line 710]
Event: 14.365 Thread 0x00000000192de800 Implicit null exception at 0x0000000002948168 to 0x0000000002948699
Event: 14.422 Thread 0x00000000192de800 Exception <a 'java/io/IOException': Bad pathname> (0x00000000e20ba4a0) thrown at [D:\src\AOSP-openjdk-cygwin\jdk8u\hotspot\src\share\vm\classfile\classLoader.cpp, line 660]
Event: 14.423 Thread 0x00000000192de800 Exception <a 'java/lang/NoClassDefFoundError': javax/crypto/SecretKey> (0x00000000e20bf490) thrown at [D:\src\AOSP-openjdk-cygwin\jdk8u\hotspot\src\share\vm\classfile\systemDictionary.cpp, line 208]
Event: 14.424 Thread 0x00000000192de800 Exception <a 'java/lang/NoClassDefFoundError'> (0x00000000e20bf490) thrown at [D:\src\AOSP-openjdk-cygwin\jdk8u\hotspot\src\share\vm\prims\jvm.cpp, line 1512]

Events (10 events):
Event: 14.424 loading class java/security/KeyException done
Event: 14.424 loading class java/security/InvalidKeyException done
Event: 14.424 loading class com/android/build/gradle/internal/crash/PluginCrashReporter
Event: 14.424 loading class com/android/build/gradle/internal/crash/PluginCrashReporter done
Event: 14.425 loading class org/gradle/api/logging/Logging
Event: 14.425 loading class org/gradle/api/logging/Logging done
Event: 14.425 loading class org/gradle/tooling/internal/provider/events/DefaultFailure
Event: 14.425 loading class org/gradle/tooling/internal/provider/events/DefaultFailure done
Event: 14.430 loading class org/gradle/tooling/internal/protocol/InternalFailure
Event: 14.430 loading class org/gradle/tooling/internal/protocol/InternalFailure done


Dynamic libraries:
0x00007ff6737d0000 - 0x00007ff673801000 	C:\Program Files\Android\Android Studio\jre\bin\java.exe
0x00007ffe42c00000 - 0x00007ffe42df0000 	C:\WINDOWS\SYSTEM32\ntdll.dll
0x00007ffe14950000 - 0x00007ffe14964000 	C:\Program Files\AVAST Software\Avast\aswhook.dll
0x00007ffe42550000 - 0x00007ffe42602000 	C:\WINDOWS\System32\KERNEL32.DLL
0x00007ffe40860000 - 0x00007ffe40b03000 	C:\WINDOWS\System32\KERNELBASE.dll
0x00007ffe42aa0000 - 0x00007ffe42b43000 	C:\WINDOWS\System32\ADVAPI32.dll
0x00007ffe42450000 - 0x00007ffe424ee000 	C:\WINDOWS\System32\msvcrt.dll
0x00007ffe42000000 - 0x00007ffe42097000 	C:\WINDOWS\System32\sechost.dll
0x00007ffe414d0000 - 0x00007ffe415f0000 	C:\WINDOWS\System32\RPCRT4.dll
0x00007ffe41020000 - 0x00007ffe411b4000 	C:\WINDOWS\System32\USER32.dll
0x00007ffe40730000 - 0x00007ffe40751000 	C:\WINDOWS\System32\win32u.dll
0x00007ffe41750000 - 0x00007ffe41776000 	C:\WINDOWS\System32\GDI32.dll
0x00007ffe40b10000 - 0x00007ffe40ca4000 	C:\WINDOWS\System32\gdi32full.dll
0x00007ffe3fc10000 - 0x00007ffe3fcae000 	C:\WINDOWS\System32\msvcp_win.dll
0x00007ffe40490000 - 0x00007ffe4058a000 	C:\WINDOWS\System32\ucrtbase.dll
0x00007ffe31a40000 - 0x00007ffe31cc5000 	C:\WINDOWS\WinSxS\amd64_microsoft.windows.common-controls_6595b64144ccf1df_6.0.18362.476_none_e6c4b11b130f2595\COMCTL32.dll
0x00007ffe420a0000 - 0x00007ffe423d6000 	C:\WINDOWS\System32\combase.dll
0x00007ffe3fb90000 - 0x00007ffe3fc10000 	C:\WINDOWS\System32\bcryptPrimitives.dll
0x00007ffe414a0000 - 0x00007ffe414ce000 	C:\WINDOWS\System32\IMM32.DLL
0x000000006b2b0000 - 0x000000006b382000 	C:\Program Files\Android\Android Studio\jre\jre\bin\msvcr100.dll
0x000000006b470000 - 0x000000006bcb6000 	C:\Program Files\Android\Android Studio\jre\jre\bin\server\jvm.dll
0x00007ffe40cb0000 - 0x00007ffe40cb8000 	C:\WINDOWS\System32\PSAPI.DLL
0x00007ffe31fa0000 - 0x00007ffe31fa9000 	C:\WINDOWS\SYSTEM32\WSOCK32.dll
0x00007ffe423e0000 - 0x00007ffe4244f000 	C:\WINDOWS\System32\WS2_32.dll
0x00007ffe3db40000 - 0x00007ffe3db64000 	C:\WINDOWS\SYSTEM32\WINMM.dll
0x00007ffe36eb0000 - 0x00007ffe36eba000 	C:\WINDOWS\SYSTEM32\VERSION.dll
0x00007ffe3db10000 - 0x00007ffe3db3d000 	C:\WINDOWS\SYSTEM32\WINMMBASE.dll
0x00007ffe40810000 - 0x00007ffe4085a000 	C:\WINDOWS\System32\cfgmgr32.dll
0x00007ffe3a040000 - 0x00007ffe3a04f000 	C:\Program Files\Android\Android Studio\jre\jre\bin\verify.dll
0x00007ffe26200000 - 0x00007ffe26229000 	C:\Program Files\Android\Android Studio\jre\jre\bin\java.dll
0x00007ffe30a80000 - 0x00007ffe30a96000 	C:\Program Files\Android\Android Studio\jre\jre\bin\zip.dll
0x00007ffe41780000 - 0x00007ffe41e65000 	C:\WINDOWS\System32\SHELL32.dll
0x00007ffe40cd0000 - 0x00007ffe40d79000 	C:\WINDOWS\System32\shcore.dll
0x00007ffe3fd10000 - 0x00007ffe4048e000 	C:\WINDOWS\System32\windows.storage.dll
0x00007ffe3fae0000 - 0x00007ffe3faff000 	C:\WINDOWS\System32\profapi.dll
0x00007ffe3fb20000 - 0x00007ffe3fb6a000 	C:\WINDOWS\System32\powrprof.dll
0x00007ffe3fad0000 - 0x00007ffe3fae0000 	C:\WINDOWS\System32\UMPDC.dll
0x00007ffe424f0000 - 0x00007ffe42542000 	C:\WINDOWS\System32\shlwapi.dll
0x00007ffe3fb00000 - 0x00007ffe3fb11000 	C:\WINDOWS\System32\kernel.appcore.dll
0x00007ffe406e0000 - 0x00007ffe406f7000 	C:\WINDOWS\System32\cryptsp.dll
0x00007ffe2ea10000 - 0x00007ffe2ea2a000 	C:\Program Files\Android\Android Studio\jre\jre\bin\net.dll
0x00007ffe3f340000 - 0x00007ffe3f3a7000 	C:\WINDOWS\system32\mswsock.dll
0x00007ffe28310000 - 0x00007ffe28321000 	C:\Program Files\Android\Android Studio\jre\jre\bin\nio.dll
0x00007ffe3a340000 - 0x00007ffe3a35e000 	C:\Users\Lenovo\.gradle\native\25\windows-amd64\native-platform.dll
0x00007ffe35510000 - 0x00007ffe3551d000 	C:\Program Files\Android\Android Studio\jre\jre\bin\management.dll
0x00007ffe3eeb0000 - 0x00007ffe3eee3000 	C:\WINDOWS\system32\rsaenh.dll
0x00007ffe40700000 - 0x00007ffe40726000 	C:\WINDOWS\System32\bcrypt.dll
0x00007ffe3f9c0000 - 0x00007ffe3f9e5000 	C:\WINDOWS\SYSTEM32\USERENV.dll
0x00007ffe3f510000 - 0x00007ffe3f51c000 	C:\WINDOWS\SYSTEM32\CRYPTBASE.dll
0x00007ffe3f050000 - 0x00007ffe3f08a000 	C:\WINDOWS\SYSTEM32\IPHLPAPI.DLL
0x00007ffe41f20000 - 0x00007ffe41f28000 	C:\WINDOWS\System32\NSI.dll
0x00007ffe36040000 - 0x00007ffe36056000 	C:\WINDOWS\SYSTEM32\dhcpcsvc6.DLL
0x00007ffe36210000 - 0x00007ffe3622c000 	C:\WINDOWS\SYSTEM32\dhcpcsvc.DLL
0x00007ffe3f090000 - 0x00007ffe3f15a000 	C:\WINDOWS\SYSTEM32\DNSAPI.dll

VM Arguments:
jvm_args: -Xmx1536m -Dfile.encoding=windows-1252 -Duser.country=IN -Duser.language=en -Duser.variant 
java_command: org.gradle.launcher.daemon.bootstrap.GradleDaemon 4.10.1
java_class_path (initial): C:\Users\Lenovo\.gradle\wrapper\dists\gradle-4.10.1-all\455itskqi2qtf0v2sja68alqd\gradle-4.10.1\lib\gradle-launcher-4.10.1.jar
Launcher Type: SUN_STANDARD

Environment Variables:
PATH="C:\Program Files (x86)\Common Files\Oracle\Java\javapath;C:\Program Files\Git\cmd";C:\Program Files\Java\jdk-12.0.2;C:\WINDOWS\system32;C:\WINDOWS;C:\WINDOWS\System32\Wbem;C:\WINDOWS\System32\WindowsPowerShell\v1.0\;C:\WINDOWS\System32\OpenSSH\;C:\Program Files\Git\bin\;C:\Program Files\Git\cmd\;C:\Users\Lenovo\AppData\Local\Microsoft\WindowsApps;
USERNAME=Lenovo
OS=Windows_NT
PROCESSOR_IDENTIFIER=Intel64 Family 6 Model 58 Stepping 9, GenuineIntel



---------------  S Y S T E M  ---------------

OS: Windows 10.0 , 64 bit Build 18362 (10.0.18362.329)

CPU:total 4 (initial active 4) (2 cores per cpu, 2 threads per core) family 6 model 58 stepping 9, cmov, cx8, fxsr, mmx, sse, sse2, sse3, ssse3, sse4.1, sse4.2, popcnt, avx, aes, clmul, erms, ht, tsc, tscinvbit, tscinv

Memory: 4k page, physical 7954288k(536356k free), swap 24636448k(5124k free)

vm_info: OpenJDK 64-Bit Server VM (25.202-b03) for windows-amd64 JRE (1.8.0_202-release-1483-b03), built by "builder" with MS VC++ 10.0 (VS2010)

time: Thu Nov 28 16:52:17 2019
timezone: India Standard Time
elapsed time: 14 seconds (0d 0h 0m 14s)

