#
# There is insufficient memory for the Java Runtime Environment to continue.
# Native memory allocation (malloc) failed to allocate 397136 bytes for Chunk::new
# Possible reasons:
#   The system is out of physical RAM or swap space
#   The process is running with CompressedOops enabled, and the Java Heap may be blocking the growth of the native heap
# Possible solutions:
#   Reduce memory load on the system
#   Increase physical memory or swap space
#   Check if swap backing store is full
#   Decrease Java heap size (-Xmx/-Xms)
#   Decrease number of Java threads
#   Decrease Java thread stack sizes (-Xss)
#   Set larger code cache with -XX:ReservedCodeCacheSize=
#   JVM is running with Unscaled Compressed Oops mode in which the Java heap is
#     placed in the first 4GB address space. The Java Heap base address is the
#     maximum limit for the native heap growth. Please use -XX:HeapBaseMinAddress
#     to set the Java Heap base and to place the Java Heap above 4GB virtual address.
# This output file may be truncated or incomplete.
#
#  Out of Memory Error (allocation.cpp:389), pid=11224, tid=0x0000000000000a60
#
# JRE version: OpenJDK Runtime Environment (8.0_202-b03) (build 1.8.0_202-release-1483-b03)
# Java VM: OpenJDK 64-Bit Server VM (25.202-b03 mixed mode windows-amd64 compressed oops)
# Failed to write core dump. Minidumps are not enabled by default on client versions of Windows
#

---------------  T H R E A D  ---------------

Current thread (0x000000001670d000):  JavaThread "C2 CompilerThread0" daemon [_thread_in_native, id=2656, stack(0x0000000017d60000,0x0000000017e60000)]

Stack: [0x0000000017d60000,0x0000000017e60000]
[error occurred during error reporting (printing stack bounds), id 0xc0000005]

Native frames: (J=compiled Java code, j=interpreted, Vv=VM code, C=native code)


Current CompileTask:
C2:  24380 5685       4       org.gradle.internal.reflect.ClassInspector::inspectClass (152 bytes)


---------------  P R O C E S S  ---------------

Java Threads: ( => current thread )
  0x000000001c507800 JavaThread "Memory manager" [_thread_blocked, id=12408, stack(0x0000000021da0000,0x0000000021ea0000)]
  0x000000001c501800 JavaThread "Build operations Thread 4" [_thread_blocked, id=12348, stack(0x00000000216a0000,0x00000000217a0000)]
  0x000000001c500800 JavaThread "Build operations Thread 3" [_thread_blocked, id=5868, stack(0x00000000203b0000,0x00000000204b0000)]
  0x000000001b902800 JavaThread "Build operations Thread 2" [_thread_blocked, id=10144, stack(0x00000000202b0000,0x00000000203b0000)]
  0x000000001b901800 JavaThread "Build operations" [_thread_blocked, id=4420, stack(0x000000001ed50000,0x000000001ee50000)]
  0x000000001b8fe800 JavaThread "Cache worker for Artifact transforms cache (C:\Users\Lenovo\.gradle\caches\transforms-1)" [_thread_blocked, id=13240, stack(0x000000001ec50000,0x000000001ed50000)]
  0x000000001b8fc800 JavaThread "Cache worker for cache directory md-rule (C:\Users\Lenovo\.gradle\caches\4.10.1\md-rule)" [_thread_blocked, id=5160, stack(0x000000001eb50000,0x000000001ec50000)]
  0x000000001b8fe000 JavaThread "Cache worker for cache directory md-supplier (C:\Users\Lenovo\.gradle\caches\4.10.1\md-supplier)" [_thread_blocked, id=8388, stack(0x000000001e920000,0x000000001ea20000)]
  0x000000001b8fd000 JavaThread "Cache worker for journal cache (C:\Users\Lenovo\.gradle\caches\journal-1)" [_thread_blocked, id=12428, stack(0x000000001ea50000,0x000000001eb50000)]
  0x000000001b8ff800 JavaThread "Cache worker for file hash cache (E:\SellerHub\farmpe-sellerhub\.gradle\4.10.1\fileHashes)" [_thread_blocked, id=12952, stack(0x000000001d250000,0x000000001d350000)]
  0x000000001885e000 JavaThread "File lock request listener" [_thread_in_native, id=11312, stack(0x000000001d150000,0x000000001d250000)]
  0x000000001b741000 JavaThread "Cache worker for file hash cache (C:\Users\Lenovo\.gradle\caches\4.10.1\fileHashes)" [_thread_blocked, id=8896, stack(0x000000001d050000,0x000000001d150000)]
  0x0000000018271800 JavaThread "Stdin handler" [_thread_blocked, id=11360, stack(0x000000001adb0000,0x000000001aeb0000)]
  0x0000000019640800 JavaThread "Asynchronous log dispatcher for DefaultDaemonConnection: socket connection from /127.0.0.1:52935 to /127.0.0.1:52936" [_thread_blocked, id=3828, stack(0x000000001acb0000,0x000000001adb0000)]
  0x000000001963d000 JavaThread "Daemon worker" [_thread_in_vm, id=7176, stack(0x000000001a9b0000,0x000000001aab0000)]
  0x00000000187cb000 JavaThread "Cancel handler" [_thread_blocked, id=5352, stack(0x000000001a8b0000,0x000000001a9b0000)]
  0x0000000018725800 JavaThread "Handler for socket connection from /127.0.0.1:52935 to /127.0.0.1:52936" [_thread_in_native, id=5368, stack(0x000000001a7b0000,0x000000001a8b0000)]
  0x0000000018723800 JavaThread "Daemon" [_thread_blocked, id=7788, stack(0x000000001a6b0000,0x000000001a7b0000)]
  0x0000000018416000 JavaThread "Daemon periodic checks" [_thread_blocked, id=7500, stack(0x000000001a5b0000,0x000000001a6b0000)]
  0x00000000183bc000 JavaThread "Incoming local TCP Connector on port 52935" [_thread_in_native, id=12868, stack(0x000000001a370000,0x000000001a470000)]
  0x0000000018088800 JavaThread "Service Thread" daemon [_thread_blocked, id=12396, stack(0x0000000018460000,0x0000000018560000)]
  0x000000001671c800 JavaThread "C1 CompilerThread2" daemon [_thread_blocked, id=9380, stack(0x0000000017f60000,0x0000000018060000)]
  0x0000000016710800 JavaThread "C2 CompilerThread1" daemon [_thread_in_native, id=6288, stack(0x0000000017e60000,0x0000000017f60000)]
=>0x000000001670d000 JavaThread "C2 CompilerThread0" daemon [_thread_in_native, id=2656, stack(0x0000000017d60000,0x0000000017e60000)]
  0x000000001670a800 JavaThread "Attach Listener" daemon [_thread_blocked, id=4656, stack(0x0000000017c60000,0x0000000017d60000)]
  0x0000000016709000 JavaThread "Signal Dispatcher" daemon [_thread_blocked, id=5268, stack(0x0000000017b60000,0x0000000017c60000)]
  0x0000000002d9c000 JavaThread "Finalizer" daemon [_thread_blocked, id=5836, stack(0x0000000017960000,0x0000000017a60000)]
  0x00000000166f9000 JavaThread "Reference Handler" daemon [_thread_blocked, id=1968, stack(0x0000000017860000,0x0000000017960000)]
  0x0000000002b9d800 JavaThread "main" [_thread_blocked, id=13268, stack(0x0000000002ba0000,0x0000000002ca0000)]

Other Threads:
  0x00000000166d8000 VMThread [stack: 0x0000000017760000,0x0000000017860000] [id=2308]
  0x0000000018089000 WatcherThread [stack: 0x0000000018560000,0x0000000018660000] [id=5596]

VM state:not at safepoint (normal execution)

VM Mutex/Monitor currently owned by a thread: None

heap address: 0x00000000a0000000, size: 1536 MB, Compressed Oops mode: 32-bit
Narrow klass base: 0x0000000000000000, Narrow klass shift: 3
Compressed class space size: 1073741824 Address: 0x0000000100000000

Heap:
 PSYoungGen      total 119296K, used 10358K [0x00000000e0000000, 0x00000000eaa80000, 0x0000000100000000)
  eden space 102912K, 10% used [0x00000000e0000000,0x00000000e0a1db90,0x00000000e6480000)
  from space 16384K, 0% used [0x00000000e6480000,0x00000000e6480000,0x00000000e7480000)
  to   space 16896K, 0% used [0x00000000e9a00000,0x00000000e9a00000,0x00000000eaa80000)
 ParOldGen       total 81920K, used 33090K [0x00000000a0000000, 0x00000000a5000000, 0x00000000e0000000)
  object space 81920K, 40% used [0x00000000a0000000,0x00000000a2050880,0x00000000a5000000)
 Metaspace       used 57758K, capacity 59784K, committed 59904K, reserved 1101824K
  class space    used 7970K, capacity 8422K, committed 8448K, reserved 1048576K

Card table byte_map: [0x0000000012160000,0x0000000012470000] byte_map_base: 0x0000000011c60000

Marking Bits: (ParMarkBitMap*) 0x000000006bc39f30
 Begin Bits: [0x0000000012a70000, 0x0000000014270000)
 End Bits:   [0x0000000014270000, 0x0000000015a70000)

Polling page: 0x0000000000f70000

CodeCache: size=245760Kb used=17714Kb max_used=18299Kb free=228045Kb
 bounds [0x0000000002da0000, 0x0000000003fa0000, 0x0000000011da0000]
 total_blobs=5901 nmethods=5121 adapters=693
 compilation: enabled

Compilation events (10 events):
Event: 24.346 Thread 0x000000001671c800 5705   !   3       org.gradle.internal.operations.DefaultBuildOperationExecutor::run (32 bytes)
Event: 24.347 Thread 0x000000001671c800 nmethod 5705 0x00000000033864d0 code [0x00000000033866a0, 0x0000000003386dd8]
Event: 24.348 Thread 0x000000001671c800 5706       3       com.google.common.collect.ImmutableCollection$ArrayBasedBuilder::add (44 bytes)
Event: 24.349 Thread 0x000000001671c800 nmethod 5706 0x00000000032c9190 code [0x00000000032c93c0, 0x00000000032c9ff8]
Event: 24.352 Thread 0x000000001671c800 5707       3       com.android.build.gradle.internal.tasks.factory.TaskAction::doPreConfig (39 bytes)
Event: 24.352 Thread 0x000000001671c800 nmethod 5707 0x00000000032b7950 code [0x00000000032b7ae0, 0x00000000032b7e58]
Event: 24.358 Thread 0x000000001671c800 5708       3       org.gradle.internal.ImmutableActionSet::fromActions (63 bytes)
Event: 24.359 Thread 0x000000001671c800 nmethod 5708 0x00000000033b36d0 code [0x00000000033b3920, 0x00000000033b4848]
Event: 24.362 Thread 0x000000001671c800 5709       3       org.gradle.internal.operations.DelegatingBuildOperationExecutor::run (11 bytes)
Event: 24.363 Thread 0x000000001671c800 nmethod 5709 0x00000000032b74d0 code [0x00000000032b7640, 0x00000000032b7868]

GC Heap History (10 events):
Event: 13.267 GC heap before
{Heap before GC invocations=14 (full 2):
 PSYoungGen      total 87040K, used 75776K [0x00000000e0000000, 0x00000000e8000000, 0x0000000100000000)
  eden space 75776K, 100% used [0x00000000e0000000,0x00000000e4a00000,0x00000000e4a00000)
  from space 11264K, 0% used [0x00000000e4a00000,0x00000000e4a00000,0x00000000e5500000)
  to   space 11776K, 0% used [0x00000000e7480000,0x00000000e7480000,0x00000000e8000000)
 ParOldGen       total 81920K, used 17609K [0x00000000a0000000, 0x00000000a5000000, 0x00000000e0000000)
  object space 81920K, 21% used [0x00000000a0000000,0x00000000a1132750,0x00000000a5000000)
 Metaspace       used 41874K, capacity 42994K, committed 43136K, reserved 1087488K
  class space    used 5669K, capacity 5976K, committed 6016K, reserved 1048576K
Event: 13.278 GC heap after
Heap after GC invocations=14 (full 2):
 PSYoungGen      total 110592K, used 11167K [0x00000000e0000000, 0x00000000e7f80000, 0x0000000100000000)
  eden space 99328K, 0% used [0x00000000e0000000,0x00000000e0000000,0x00000000e6100000)
  from space 11264K, 99% used [0x00000000e7480000,0x00000000e7f67eb0,0x00000000e7f80000)
  to   space 12800K, 0% used [0x00000000e6680000,0x00000000e6680000,0x00000000e7300000)
 ParOldGen       total 81920K, used 17617K [0x00000000a0000000, 0x00000000a5000000, 0x00000000e0000000)
  object space 81920K, 21% used [0x00000000a0000000,0x00000000a1134750,0x00000000a5000000)
 Metaspace       used 41874K, capacity 42994K, committed 43136K, reserved 1087488K
  class space    used 5669K, capacity 5976K, committed 6016K, reserved 1048576K
}
Event: 17.172 GC heap before
{Heap before GC invocations=15 (full 2):
 PSYoungGen      total 110592K, used 110495K [0x00000000e0000000, 0x00000000e7f80000, 0x0000000100000000)
  eden space 99328K, 100% used [0x00000000e0000000,0x00000000e6100000,0x00000000e6100000)
  from space 11264K, 99% used [0x00000000e7480000,0x00000000e7f67eb0,0x00000000e7f80000)
  to   space 12800K, 0% used [0x00000000e6680000,0x00000000e6680000,0x00000000e7300000)
 ParOldGen       total 81920K, used 17617K [0x00000000a0000000, 0x00000000a5000000, 0x00000000e0000000)
  object space 81920K, 21% used [0x00000000a0000000,0x00000000a1134750,0x00000000a5000000)
 Metaspace       used 50420K, capacity 51818K, committed 51968K, reserved 1093632K
  class space    used 6796K, capacity 7123K, committed 7168K, reserved 1048576K
Event: 17.248 GC heap after
Heap after GC invocations=15 (full 2):
 PSYoungGen      total 112128K, used 9995K [0x00000000e0000000, 0x00000000e7f80000, 0x0000000100000000)
  eden space 99328K, 0% used [0x00000000e0000000,0x00000000e0000000,0x00000000e6100000)
  from space 12800K, 78% used [0x00000000e6680000,0x00000000e7042d48,0x00000000e7300000)
  to   space 11264K, 0% used [0x00000000e7480000,0x00000000e7480000,0x00000000e7f80000)
 ParOldGen       total 81920K, used 22934K [0x00000000a0000000, 0x00000000a5000000, 0x00000000e0000000)
  object space 81920K, 27% used [0x00000000a0000000,0x00000000a16658c8,0x00000000a5000000)
 Metaspace       used 50420K, capacity 51818K, committed 51968K, reserved 1093632K
  class space    used 6796K, capacity 7123K, committed 7168K, reserved 1048576K
}
Event: 23.217 GC heap before
{Heap before GC invocations=16 (full 2):
 PSYoungGen      total 112128K, used 109323K [0x00000000e0000000, 0x00000000e7f80000, 0x0000000100000000)
  eden space 99328K, 100% used [0x00000000e0000000,0x00000000e6100000,0x00000000e6100000)
  from space 12800K, 78% used [0x00000000e6680000,0x00000000e7042d48,0x00000000e7300000)
  to   space 11264K, 0% used [0x00000000e7480000,0x00000000e7480000,0x00000000e7f80000)
 ParOldGen       total 81920K, used 22934K [0x00000000a0000000, 0x00000000a5000000, 0x00000000e0000000)
  object space 81920K, 27% used [0x00000000a0000000,0x00000000a16658c8,0x00000000a5000000)
 Metaspace       used 56675K, capacity 58510K, committed 58752K, reserved 1099776K
  class space    used 7775K, capacity 8197K, committed 8320K, reserved 1048576K
Event: 23.252 GC heap after
Heap after GC invocations=16 (full 2):
 PSYoungGen      total 114176K, used 11233K [0x00000000e0000000, 0x00000000e9a80000, 0x0000000100000000)
  eden space 102912K, 0% used [0x00000000e0000000,0x00000000e0000000,0x00000000e6480000)
  from space 11264K, 99% used [0x00000000e7480000,0x00000000e7f78520,0x00000000e7f80000)
  to   space 16384K, 0% used [0x00000000e6480000,0x00000000e6480000,0x00000000e7480000)
 ParOldGen       total 81920K, used 27840K [0x00000000a0000000, 0x00000000a5000000, 0x00000000e0000000)
  object space 81920K, 33% used [0x00000000a0000000,0x00000000a1b303f0,0x00000000a5000000)
 Metaspace       used 56675K, capacity 58510K, committed 58752K, reserved 1099776K
  class space    used 7775K, capacity 8197K, committed 8320K, reserved 1048576K
}
Event: 23.665 GC heap before
{Heap before GC invocations=17 (full 2):
 PSYoungGen      total 114176K, used 21272K [0x00000000e0000000, 0x00000000e9a80000, 0x0000000100000000)
  eden space 102912K, 9% used [0x00000000e0000000,0x00000000e09cdd20,0x00000000e6480000)
  from space 11264K, 99% used [0x00000000e7480000,0x00000000e7f78520,0x00000000e7f80000)
  to   space 16384K, 0% used [0x00000000e6480000,0x00000000e6480000,0x00000000e7480000)
 ParOldGen       total 81920K, used 27840K [0x00000000a0000000, 0x00000000a5000000, 0x00000000e0000000)
  object space 81920K, 33% used [0x00000000a0000000,0x00000000a1b303f0,0x00000000a5000000)
 Metaspace       used 57233K, capacity 59126K, committed 59160K, reserved 1099776K
  class space    used 7875K, capacity 8307K, committed 8320K, reserved 1048576K
Event: 23.687 GC heap after
Heap after GC invocations=17 (full 2):
 PSYoungGen      total 119296K, used 824K [0x00000000e0000000, 0x00000000eaa80000, 0x0000000100000000)
  eden space 102912K, 0% used [0x00000000e0000000,0x00000000e0000000,0x00000000e6480000)
  from space 16384K, 5% used [0x00000000e6480000,0x00000000e654e188,0x00000000e7480000)
  to   space 16896K, 0% used [0x00000000e9a00000,0x00000000e9a00000,0x00000000eaa80000)
 ParOldGen       total 81920K, used 38527K [0x00000000a0000000, 0x00000000a5000000, 0x00000000e0000000)
  object space 81920K, 47% used [0x00000000a0000000,0x00000000a259fcc0,0x00000000a5000000)
 Metaspace       used 57233K, capacity 59126K, committed 59160K, reserved 1099776K
  class space    used 7875K, capacity 8307K, committed 8320K, reserved 1048576K
}
Event: 23.687 GC heap before
{Heap before GC invocations=18 (full 3):
 PSYoungGen      total 119296K, used 824K [0x00000000e0000000, 0x00000000eaa80000, 0x0000000100000000)
  eden space 102912K, 0% used [0x00000000e0000000,0x00000000e0000000,0x00000000e6480000)
  from space 16384K, 5% used [0x00000000e6480000,0x00000000e654e188,0x00000000e7480000)
  to   space 16896K, 0% used [0x00000000e9a00000,0x00000000e9a00000,0x00000000eaa80000)
 ParOldGen       total 81920K, used 38527K [0x00000000a0000000, 0x00000000a5000000, 0x00000000e0000000)
  object space 81920K, 47% used [0x00000000a0000000,0x00000000a259fcc0,0x00000000a5000000)
 Metaspace       used 57233K, capacity 59126K, committed 59160K, reserved 1099776K
  class space    used 7875K, capacity 8307K, committed 8320K, reserved 1048576K
Event: 24.102 GC heap after
Heap after GC invocations=18 (full 3):
 PSYoungGen      total 119296K, used 0K [0x00000000e0000000, 0x00000000eaa80000, 0x0000000100000000)
  eden space 102912K, 0% used [0x00000000e0000000,0x00000000e0000000,0x00000000e6480000)
  from space 16384K, 0% used [0x00000000e6480000,0x00000000e6480000,0x00000000e7480000)
  to   space 16896K, 0% used [0x00000000e9a00000,0x00000000e9a00000,0x00000000eaa80000)
 ParOldGen       total 81920K, used 33090K [0x00000000a0000000, 0x00000000a5000000, 0x00000000e0000000)
  object space 81920K, 40% used [0x00000000a0000000,0x00000000a2050880,0x00000000a5000000)
 Metaspace       used 57233K, capacity 59126K, committed 59160K, reserved 1099776K
  class space    used 7875K, capacity 8307K, committed 8320K, reserved 1048576K
}

Deoptimization events (10 events):
Event: 14.831 Thread 0x000000001963d000 Uncommon trap: reason=unstable_if action=reinterpret pc=0x0000000002ec00ec method=java.util.WeakHashMap.remove(Ljava/lang/Object;)Ljava/lang/Object; @ 94
Event: 14.889 Thread 0x000000001963d000 Uncommon trap: reason=unstable_if action=reinterpret pc=0x0000000003527468 method=java.util.regex.Pattern$BmpCharProperty.match(Ljava/util/regex/Matcher;ILjava/lang/CharSequence;)Z @ 34
Event: 16.183 Thread 0x000000001963d000 Uncommon trap: reason=unstable_if action=reinterpret pc=0x0000000003b68e74 method=com.sun.org.apache.xerces.internal.impl.XMLEntityScanner.checkBeforeLoad(Lcom/sun/xml/internal/stream/Entity$ScannedEntity;II)I @ 18
Event: 18.163 Thread 0x000000001963d000 Uncommon trap: reason=unstable_if action=reinterpret pc=0x0000000003387c64 method=java.lang.String.lastIndexOf([CII[CIII)I @ 17
Event: 21.485 Thread 0x000000001963d000 Uncommon trap: reason=unstable_if action=reinterpret pc=0x0000000003d9e870 method=java.lang.ClassLoader.defineClassSourceLocation(Ljava/security/ProtectionDomain;)Ljava/lang/String; @ 8
Event: 21.488 Thread 0x000000001963d000 Uncommon trap: reason=bimorphic action=maybe_recompile pc=0x0000000002fc4dd8 method=groovy.lang.MetaClassImpl.filterPropertyMethod(Ljava/lang/Object;ZZ)Ljava/lang/Object; @ 38
Event: 21.490 Thread 0x000000001963d000 Uncommon trap: reason=unstable_if action=reinterpret pc=0x0000000003bb4028 method=java.util.regex.Pattern$GroupTail.match(Ljava/util/regex/Matcher;ILjava/lang/CharSequence;)Z @ 73
Event: 21.490 Thread 0x000000001963d000 Uncommon trap: reason=unstable_if action=reinterpret pc=0x0000000003bb4028 method=java.util.regex.Pattern$GroupTail.match(Ljava/util/regex/Matcher;ILjava/lang/CharSequence;)Z @ 73
Event: 21.549 Thread 0x000000001963d000 Uncommon trap: reason=unstable_if action=reinterpret pc=0x0000000002fc4d70 method=groovy.lang.MetaClassImpl.filterPropertyMethod(Ljava/lang/Object;ZZ)Ljava/lang/Object; @ 187
Event: 21.645 Thread 0x000000001963d000 Uncommon trap: reason=unstable_if action=reinterpret pc=0x00000000037e6c00 method=java.lang.reflect.AccessibleObject.setAccessible0(Ljava/lang/reflect/AccessibleObject;Z)V @ 23

Classes redefined (0 events):
No events

Internal exceptions (10 events):
Event: 22.054 Thread 0x000000001963d000 Exception <a 'java/lang/ClassNotFoundException': groovy/lang/MetaPropertyCustomizer> (0x00000000e46d4050) thrown at [D:\src\AOSP-openjdk-cygwin\jdk8u\hotspot\src\share\vm\classfile\systemDictionary.cpp, line 210]
Event: 22.054 Thread 0x000000001963d000 Exception <a 'java/lang/ClassNotFoundException': groovy/lang/MetaBeanPropertyCustomizer> (0x00000000e46ef9a8) thrown at [D:\src\AOSP-openjdk-cygwin\jdk8u\hotspot\src\share\vm\classfile\systemDictionary.cpp, line 210]
Event: 22.202 Thread 0x000000001963d000 Exception <a 'java/lang/ClassNotFoundException': com/google/android/gms/dependencies/DependencyAnalyzerBeanInfo> (0x00000000e49535e0) thrown at [D:\src\AOSP-openjdk-cygwin\jdk8u\hotspot\src\share\vm\classfile\systemDictionary.cpp, line 210]
Event: 22.203 Thread 0x000000001963d000 Exception <a 'java/lang/ClassNotFoundException': com/google/android/gms/dependencies/DependencyAnalyzerCustomizer> (0x00000000e496ce80) thrown at [D:\src\AOSP-openjdk-cygwin\jdk8u\hotspot\src\share\vm\classfile\systemDictionary.cpp, line 210]
Event: 22.215 Thread 0x000000001963d000 Exception <a 'java/lang/ClassNotFoundException': com/google/android/gms/dependencies/DependencyInspectorBeanInfo> (0x00000000e49d4ab0) thrown at [D:\src\AOSP-openjdk-cygwin\jdk8u\hotspot\src\share\vm\classfile\systemDictionary.cpp, line 210]
Event: 22.216 Thread 0x000000001963d000 Exception <a 'java/lang/ClassNotFoundException': com/google/android/gms/dependencies/DependencyInspectorCustomizer> (0x00000000e49ee3e0) thrown at [D:\src\AOSP-openjdk-cygwin\jdk8u\hotspot\src\share\vm\classfile\systemDictionary.cpp, line 210]
Event: 23.018 Thread 0x000000001963d000 Exception <a 'java/lang/NoSuchMethodError': java.lang.Object.lambda$static$0(Ljava/util/Set;Ljava/util/Set;)Z> (0x00000000e5b10b50) thrown at [D:\src\AOSP-openjdk-cygwin\jdk8u\hotspot\src\share\vm\interpreter\linkResolver.cpp, line 620]
Event: 23.018 Thread 0x000000001963d000 Exception <a 'java/lang/NoSuchMethodError': java.lang.Object.lambda$static$1(Ljava/util/Set;Ljava/util/Set;)Z> (0x00000000e5b138d8) thrown at [D:\src\AOSP-openjdk-cygwin\jdk8u\hotspot\src\share\vm\interpreter\linkResolver.cpp, line 620]
Event: 23.019 Thread 0x000000001963d000 Exception <a 'java/lang/NoSuchMethodError': java.lang.Object.lambda$static$2(Ljava/util/Set;Ljava/util/Set;)Z> (0x00000000e5b16230) thrown at [D:\src\AOSP-openjdk-cygwin\jdk8u\hotspot\src\share\vm\interpreter\linkResolver.cpp, line 620]
Event: 23.019 Thread 0x000000001963d000 Exception <a 'java/lang/NoSuchMethodError': java.lang.Object.lambda$static$3(Ljava/util/Set;Ljava/util/Set;)Z> (0x00000000e5b18b88) thrown at [D:\src\AOSP-openjdk-cygwin\jdk8u\hotspot\src\share\vm\interpreter\linkResolver.cpp, line 620]

Events (10 events):
Event: 24.371 loading class org/gradle/api/internal/tasks/testing/TestExecutionSpec
Event: 24.371 loading class org/gradle/api/internal/tasks/testing/TestExecutionSpec done
Event: 24.372 loading class org/gradle/api/internal/tasks/testing/TestExecuter
Event: 24.372 loading class org/gradle/api/internal/tasks/testing/TestExecuter done
Event: 24.373 loading class org/gradle/api/internal/tasks/testing/TestFramework
Event: 24.373 loading class org/gradle/api/internal/tasks/testing/TestFramework done
Event: 24.375 loading class org/gradle/api/tasks/testing/TestFrameworkOptions
Event: 24.375 loading class org/gradle/api/tasks/testing/TestFrameworkOptions done
Event: 24.376 loading class org/gradle/api/internal/tasks/testing/JvmTestExecutionSpec
Event: 24.376 loading class org/gradle/api/internal/tasks/testing/JvmTestExecutionSpec done


Dynamic libraries:
0x00007ff73aa20000 - 0x00007ff73aa51000 	C:\Program Files\Android\Android Studio\jre\bin\java.exe
0x00007ffe42c00000 - 0x00007ffe42df0000 	C:\WINDOWS\SYSTEM32\ntdll.dll
0x00007ffe14950000 - 0x00007ffe14964000 	C:\Program Files\AVAST Software\Avast\aswhook.dll
0x00007ffe42550000 - 0x00007ffe42602000 	C:\WINDOWS\System32\KERNEL32.DLL
0x00007ffe40860000 - 0x00007ffe40b03000 	C:\WINDOWS\System32\KERNELBASE.dll
0x00007ffe42aa0000 - 0x00007ffe42b43000 	C:\WINDOWS\System32\ADVAPI32.dll
0x00007ffe42450000 - 0x00007ffe424ee000 	C:\WINDOWS\System32\msvcrt.dll
0x00007ffe42000000 - 0x00007ffe42097000 	C:\WINDOWS\System32\sechost.dll
0x00007ffe414d0000 - 0x00007ffe415f0000 	C:\WINDOWS\System32\RPCRT4.dll
0x00007ffe41020000 - 0x00007ffe411b4000 	C:\WINDOWS\System32\USER32.dll
0x00007ffe40730000 - 0x00007ffe40751000 	C:\WINDOWS\System32\win32u.dll
0x00007ffe41750000 - 0x00007ffe41776000 	C:\WINDOWS\System32\GDI32.dll
0x00007ffe40b10000 - 0x00007ffe40ca4000 	C:\WINDOWS\System32\gdi32full.dll
0x00007ffe3fc10000 - 0x00007ffe3fcae000 	C:\WINDOWS\System32\msvcp_win.dll
0x00007ffe40490000 - 0x00007ffe4058a000 	C:\WINDOWS\System32\ucrtbase.dll
0x00007ffe31a40000 - 0x00007ffe31cc5000 	C:\WINDOWS\WinSxS\amd64_microsoft.windows.common-controls_6595b64144ccf1df_6.0.18362.476_none_e6c4b11b130f2595\COMCTL32.dll
0x00007ffe420a0000 - 0x00007ffe423d6000 	C:\WINDOWS\System32\combase.dll
0x00007ffe3fb90000 - 0x00007ffe3fc10000 	C:\WINDOWS\System32\bcryptPrimitives.dll
0x00007ffe414a0000 - 0x00007ffe414ce000 	C:\WINDOWS\System32\IMM32.DLL
0x000000006b2b0000 - 0x000000006b382000 	C:\Program Files\Android\Android Studio\jre\jre\bin\msvcr100.dll
0x000000006b470000 - 0x000000006bcb6000 	C:\Program Files\Android\Android Studio\jre\jre\bin\server\jvm.dll
0x00007ffe40cb0000 - 0x00007ffe40cb8000 	C:\WINDOWS\System32\PSAPI.DLL
0x00007ffe31fa0000 - 0x00007ffe31fa9000 	C:\WINDOWS\SYSTEM32\WSOCK32.dll
0x00007ffe423e0000 - 0x00007ffe4244f000 	C:\WINDOWS\System32\WS2_32.dll
0x00007ffe3db40000 - 0x00007ffe3db64000 	C:\WINDOWS\SYSTEM32\WINMM.dll
0x00007ffe36eb0000 - 0x00007ffe36eba000 	C:\WINDOWS\SYSTEM32\VERSION.dll
0x00007ffe3db10000 - 0x00007ffe3db3d000 	C:\WINDOWS\SYSTEM32\WINMMBASE.dll
0x00007ffe40810000 - 0x00007ffe4085a000 	C:\WINDOWS\System32\cfgmgr32.dll
0x00007ffe355c0000 - 0x00007ffe355cf000 	C:\Program Files\Android\Android Studio\jre\jre\bin\verify.dll
0x00007ffe11c70000 - 0x00007ffe11c99000 	C:\Program Files\Android\Android Studio\jre\jre\bin\java.dll
0x00007ffe23280000 - 0x00007ffe23296000 	C:\Program Files\Android\Android Studio\jre\jre\bin\zip.dll
0x00007ffe41780000 - 0x00007ffe41e65000 	C:\WINDOWS\System32\SHELL32.dll
0x00007ffe40cd0000 - 0x00007ffe40d79000 	C:\WINDOWS\System32\shcore.dll
0x00007ffe3fd10000 - 0x00007ffe4048e000 	C:\WINDOWS\System32\windows.storage.dll
0x00007ffe3fae0000 - 0x00007ffe3faff000 	C:\WINDOWS\System32\profapi.dll
0x00007ffe3fb20000 - 0x00007ffe3fb6a000 	C:\WINDOWS\System32\powrprof.dll
0x00007ffe3fad0000 - 0x00007ffe3fae0000 	C:\WINDOWS\System32\UMPDC.dll
0x00007ffe424f0000 - 0x00007ffe42542000 	C:\WINDOWS\System32\shlwapi.dll
0x00007ffe3fb00000 - 0x00007ffe3fb11000 	C:\WINDOWS\System32\kernel.appcore.dll
0x00007ffe406e0000 - 0x00007ffe406f7000 	C:\WINDOWS\System32\cryptsp.dll
0x00007ffe386a0000 - 0x00007ffe386ba000 	C:\Program Files\Android\Android Studio\jre\jre\bin\net.dll
0x00007ffe3f340000 - 0x00007ffe3f3a7000 	C:\WINDOWS\system32\mswsock.dll
0x00007ffe382c0000 - 0x00007ffe382d1000 	C:\Program Files\Android\Android Studio\jre\jre\bin\nio.dll
0x00007ffe35580000 - 0x00007ffe3559e000 	C:\Users\Lenovo\.gradle\native\25\windows-amd64\native-platform.dll
0x00007ffe355b0000 - 0x00007ffe355bd000 	C:\Program Files\Android\Android Studio\jre\jre\bin\management.dll
0x00007ffe3eeb0000 - 0x00007ffe3eee3000 	C:\WINDOWS\system32\rsaenh.dll
0x00007ffe40700000 - 0x00007ffe40726000 	C:\WINDOWS\System32\bcrypt.dll
0x00007ffe3f9c0000 - 0x00007ffe3f9e5000 	C:\WINDOWS\SYSTEM32\USERENV.dll
0x00007ffe3f510000 - 0x00007ffe3f51c000 	C:\WINDOWS\SYSTEM32\CRYPTBASE.dll
0x00007ffe3f050000 - 0x00007ffe3f08a000 	C:\WINDOWS\SYSTEM32\IPHLPAPI.DLL
0x00007ffe41f20000 - 0x00007ffe41f28000 	C:\WINDOWS\System32\NSI.dll
0x00007ffe36040000 - 0x00007ffe36056000 	C:\WINDOWS\SYSTEM32\dhcpcsvc6.DLL
0x00007ffe36210000 - 0x00007ffe3622c000 	C:\WINDOWS\SYSTEM32\dhcpcsvc.DLL
0x00007ffe3f090000 - 0x00007ffe3f15a000 	C:\WINDOWS\SYSTEM32\DNSAPI.dll

VM Arguments:
jvm_args: -Xmx1536m -Dfile.encoding=windows-1252 -Duser.country=IN -Duser.language=en -Duser.variant 
java_command: org.gradle.launcher.daemon.bootstrap.GradleDaemon 4.10.1
java_class_path (initial): C:\Users\Lenovo\.gradle\wrapper\dists\gradle-4.10.1-all\455itskqi2qtf0v2sja68alqd\gradle-4.10.1\lib\gradle-launcher-4.10.1.jar
Launcher Type: SUN_STANDARD

Environment Variables:
PATH="C:\Program Files (x86)\Common Files\Oracle\Java\javapath;C:\Program Files\Git\cmd";C:\Program Files\Java\jdk-12.0.2;C:\WINDOWS\system32;C:\WINDOWS;C:\WINDOWS\System32\Wbem;C:\WINDOWS\System32\WindowsPowerShell\v1.0\;C:\WINDOWS\System32\OpenSSH\;C:\Program Files\Git\bin\;C:\Program Files\Git\cmd\;C:\Users\Lenovo\AppData\Local\Microsoft\WindowsApps;
USERNAME=Lenovo
OS=Windows_NT
PROCESSOR_IDENTIFIER=Intel64 Family 6 Model 58 Stepping 9, GenuineIntel



---------------  S Y S T E M  ---------------

OS: Windows 10.0 , 64 bit Build 18362 (10.0.18362.329)

CPU:total 4 (initial active 4) (2 cores per cpu, 2 threads per core) family 6 model 58 stepping 9, cmov, cx8, fxsr, mmx, sse, sse2, sse3, ssse3, sse4.1, sse4.2, popcnt, avx, aes, clmul, erms, ht, tsc, tscinvbit, tscinv

Memory: 4k page, physical 7954288k(518124k free), swap 24636448k(5412k free)

vm_info: OpenJDK 64-Bit Server VM (25.202-b03) for windows-amd64 JRE (1.8.0_202-release-1483-b03), built by "builder" with MS VC++ 10.0 (VS2010)

time: Thu Nov 28 16:41:54 2019
timezone: India Standard Time
elapsed time: 24 seconds (0d 0h 0m 24s)

